{"name": "test_screen_order[data97]", "status": "broken", "statusDetails": {"message": "selenium.common.exceptions.WebDriverException: Message: An unknown server-side error occurred while processing the command. Original error: Could not find 'aapt.exe' in [\"C:\\\\Program Files\\\\adt-bundle-windows\\\\sdk\\\\platform-tools\\\\aapt.exe\",\"C:\\\\Program Files\\\\adt-bundle-windows\\\\sdk\\\\emulator\\\\aapt.exe\",\"C:\\\\Program Files\\\\adt-bundle-windows\\\\sdk\\\\tools\\\\aapt.exe\",\"C:\\\\Program Files\\\\adt-bundle-windows\\\\sdk\\\\tools\\\\bin\\\\aapt.exe\",\"C:\\\\Program Files\\\\adt-bundle-windows\\\\sdk\\\\build-tools\\\\libbcinfo.dll\\\\aapt.exe\",\"C:\\\\Program Files\\\\adt-bundle-windows\\\\sdk\\\\build-tools\\\\aapt.exe\\\\aapt.exe\",\"C:\\\\Program Files\\\\adt-bundle-windows\\\\sdk\\\\build-tools\\\\aarch64-linux-android-ld.exe\\\\aapt.exe\",\"C:\\\\Program Files\\\\adt-bundle-windows\\\\sdk\\\\build-tools\\\\aidl.exe\\\\aapt.exe\",\"C:\\\\Program Files\\\\adt-bundle-windows\\\\sdk\\\\build-tools\\\\apksigner.bat\\\\aapt.exe\",\"C:\\\\Program Files\\\\adt-bundle-windows\\\\sdk\\\\build-tools\\\\arm-linux-androideabi-ld.exe\\\\aapt.exe\",\"C:\\\\Program Files\\\\adt-bundle-windows\\\\sdk\\\\build-tools\\\\bcc_compat.exe\\\\aapt.exe\",\"C:\\\\Program Files\\\\adt-bundle-windows\\\\sdk\\\\build-tools\\\\x86_64-linux-android-ld.exe\\\\aapt.exe\",\"C:\\\\Program Files\\\\adt-bundle-windows\\\\sdk\\\\build-tools\\\\d8.bat\\\\aapt.exe\",\"C:\\\\Program Files\\\\adt-bundle-windows\\\\sdk\\\\build-tools\\\\dexdump.exe\\\\aapt.exe\",\"C:\\\\Program Files\\\\adt-bundle-windows\\\\sdk\\\\build-tools\\\\dx.bat\\\\aapt.exe\",\"C:\\\\Program Files\\\\adt-bundle-windows\\\\sdk\\\\build-tools\\\\i686-linux-android-ld.exe\\\\aapt.exe\",\"C:\\\\Program Files\\\\adt-bundle-windows\\\\sdk\\\\build-tools\\\\split-select.exe\\\\aapt.exe\",\"C:\\\\Program Files\\\\adt-bundle-windows\\\\sdk\\\\build-tools\\\\lib64\\\\aapt.exe\",\"C:\\\\Program Files\\\\adt-bundle-windows\\\\sdk\\\\build-tools\\\\libaapt2_jni.dll\\\\aapt.exe\",\"C:\\\\Program Files\\\\adt-bundle-windows\\\\sdk\\\\build-tools\\\\libbcc.dll\\\\aapt.exe\",\"C:\\\\Program Files\\\\adt-bundle-windows\\\\sdk\\\\build-tools\\\\aapt2.exe\\\\aapt.exe\",\"C:\\\\Program Files\\\\adt-bundle-windows\\\\sdk\\\\build-tools\\\\libclang_android.dll\\\\aapt.exe\",\"C:\\\\Program Files\\\\adt-bundle-windows\\\\sdk\\\\build-tools\\\\libLLVM_android.dll\\\\aapt.exe\",\"C:\\\\Program Files\\\\adt-bundle-windows\\\\sdk\\\\build-tools\\\\libwinpthread-1.dll\\\\aapt.exe\",\"C:\\\\Program Files\\\\adt-bundle-windows\\\\sdk\\\\build-tools\\\\llvm-rs-cc.exe\\\\aapt.exe\",\"C:\\\\Program Files\\\\adt-bundle-windows\\\\sdk\\\\build-tools\\\\mipsel-linux-android-ld.exe\\\\aapt.exe\",\"C:\\\\Program Files\\\\adt-bundle-windows\\\\sdk\\\\build-tools\\\\mainDexClasses.bat\\\\aapt.exe\",\"C:\\\\Program Files\\\\adt-bundle-windows\\\\sdk\\\\build-tools\\\\zipalign.exe\\\\aapt.exe\",\"C:\\\\Program Files\\\\adt-bundle-windows\\\\sdk\\\\build-tools\\\\mainDexClasses.rules\\\\aapt.exe\",\"C:\\\\Program Files\\\\adt-bundle-windows\\\\sdk\\\\build-tools\\\\mainDexClassesNoAapt.rules\\\\aapt.exe\",\"C:\\\\Program Files\\\\adt-bundle-windows\\\\sdk\\\\build-tools\\\\mainDexClasses\\\\aapt.exe\",\"C:\\\\Program Files\\\\adt-bundle-windows\\\\sdk\\\\build-tools\\\\NOTICE.txt\\\\aapt.exe\",\"C:\\\\Program Files\\\\adt-bundle-windows\\\\sdk\\\\build-tools\\\\renderscript\\\\aapt.exe\",\"C:\\\\Program Files\\\\adt-bundle-windows\\\\sdk\\\\build-tools\\\\runtime.properties\\\\aapt.exe\",\"C:\\\\Program Files\\\\adt-bundle-windows\\\\sdk\\\\build-tools\\\\source.properties\\\\aapt.exe\",\"C:\\\\Program Files\\\\adt-bundle-windows\\\\sdk\\\\build-tools\\\\lib\\\\aapt.exe\",\"C:\\\\Program Files\\\\adt-bundle-windows\\\\sdk\\\\build-tools\\\\core-lambda-stubs.jar\\\\aapt.exe\"]. Do you have Android Build Tools installed at 'C:\\Program Files\\adt-bundle-windows\\sdk'?", "trace": "@pytest.fixture()\n    def run_app():\n        # 启动参数\n>       driver = _base_driver()\n\ntest_cases\\conftest.py:47: \n_ _ _ _ _ _ _ _ _ _ _ _ _ _ _ _ _ _ _ _ _ _ _ _ _ _ _ _ _ _ _ _ _ _ _ _ _ _ _ _\ntest_cases\\conftest.py:89: in _base_driver\n    driver = webdriver.Remote('http://127.0.0.1:{}/wd/hub'.format(server_port), desired_caps)\nC:\\Python38\\lib\\site-packages\\appium\\webdriver\\webdriver.py:147: in __init__\n    super(WebDriver, self).__init__(\nC:\\Python38\\lib\\site-packages\\selenium\\webdriver\\remote\\webdriver.py:157: in __init__\n    self.start_session(capabilities, browser_profile)\nC:\\Python38\\lib\\site-packages\\appium\\webdriver\\webdriver.py:227: in start_session\n    response = self.execute(RemoteCommand.NEW_SESSION, parameters)\nC:\\Python38\\lib\\site-packages\\selenium\\webdriver\\remote\\webdriver.py:321: in execute\n    self.error_handler.check_response(response)\n_ _ _ _ _ _ _ _ _ _ _ _ _ _ _ _ _ _ _ _ _ _ _ _ _ _ _ _ _ _ _ _ _ _ _ _ _ _ _ _\n\nself = <selenium.webdriver.remote.errorhandler.ErrorHandler object at 0x0000000006F13DF0>\nresponse = {'status': 500, 'value': '{\"value\":{\"error\":\"unknown error\",\"message\":\"An unknown server-side error occurred while pro...iver\\\\\\\\lib\\\\\\\\protocol\\\\\\\\protocol.js:388:37)\\\\n    at process._tickCallback (internal/process/next_tick.js:68:7)\"}}'}\n\n    def check_response(self, response):\n        \"\"\"\n        Checks that a JSON response from the WebDriver does not have an error.\n    \n        :Args:\n         - response - The JSON response from the WebDriver server as a dictionary\n           object.\n    \n        :Raises: If the response contains an error message.\n        \"\"\"\n        status = response.get('status', None)\n        if status is None or status == ErrorCode.SUCCESS:\n            return\n        value = None\n        message = response.get(\"message\", \"\")\n        screen = response.get(\"screen\", \"\")\n        stacktrace = None\n        if isinstance(status, int):\n            value_json = response.get('value', None)\n            if value_json and isinstance(value_json, basestring):\n                import json\n                try:\n                    value = json.loads(value_json)\n                    if len(value.keys()) == 1:\n                        value = value['value']\n                    status = value.get('error', None)\n                    if status is None:\n                        status = value[\"status\"]\n                        message = value[\"value\"]\n                        if not isinstance(message, basestring):\n                            value = message\n                            message = message.get('message')\n                    else:\n                        message = value.get('message', None)\n                except ValueError:\n                    pass\n    \n        exception_class = ErrorInResponseException\n        if status in ErrorCode.NO_SUCH_ELEMENT:\n            exception_class = NoSuchElementException\n        elif status in ErrorCode.NO_SUCH_FRAME:\n            exception_class = NoSuchFrameException\n        elif status in ErrorCode.NO_SUCH_WINDOW:\n            exception_class = NoSuchWindowException\n        elif status in ErrorCode.STALE_ELEMENT_REFERENCE:\n            exception_class = StaleElementReferenceException\n        elif status in ErrorCode.ELEMENT_NOT_VISIBLE:\n            exception_class = ElementNotVisibleException\n        elif status in ErrorCode.INVALID_ELEMENT_STATE:\n            exception_class = InvalidElementStateException\n        elif status in ErrorCode.INVALID_SELECTOR \\\n                or status in ErrorCode.INVALID_XPATH_SELECTOR \\\n                or status in ErrorCode.INVALID_XPATH_SELECTOR_RETURN_TYPER:\n            exception_class = InvalidSelectorException\n        elif status in ErrorCode.ELEMENT_IS_NOT_SELECTABLE:\n            exception_class = ElementNotSelectableException\n        elif status in ErrorCode.ELEMENT_NOT_INTERACTABLE:\n            exception_class = ElementNotInteractableException\n        elif status in ErrorCode.INVALID_COOKIE_DOMAIN:\n            exception_class = InvalidCookieDomainException\n        elif status in ErrorCode.UNABLE_TO_SET_COOKIE:\n            exception_class = UnableToSetCookieException\n        elif status in ErrorCode.TIMEOUT:\n            exception_class = TimeoutException\n        elif status in ErrorCode.SCRIPT_TIMEOUT:\n            exception_class = TimeoutException\n        elif status in ErrorCode.UNKNOWN_ERROR:\n            exception_class = WebDriverException\n        elif status in ErrorCode.UNEXPECTED_ALERT_OPEN:\n            exception_class = UnexpectedAlertPresentException\n        elif status in ErrorCode.NO_ALERT_OPEN:\n            exception_class = NoAlertPresentException\n        elif status in ErrorCode.IME_NOT_AVAILABLE:\n            exception_class = ImeNotAvailableException\n        elif status in ErrorCode.IME_ENGINE_ACTIVATION_FAILED:\n            exception_class = ImeActivationFailedException\n        elif status in ErrorCode.MOVE_TARGET_OUT_OF_BOUNDS:\n            exception_class = MoveTargetOutOfBoundsException\n        elif status in ErrorCode.JAVASCRIPT_ERROR:\n            exception_class = JavascriptException\n        elif status in ErrorCode.SESSION_NOT_CREATED:\n            exception_class = SessionNotCreatedException\n        elif status in ErrorCode.INVALID_ARGUMENT:\n            exception_class = InvalidArgumentException\n        elif status in ErrorCode.NO_SUCH_COOKIE:\n            exception_class = NoSuchCookieException\n        elif status in ErrorCode.UNABLE_TO_CAPTURE_SCREEN:\n            exception_class = ScreenshotException\n        elif status in ErrorCode.ELEMENT_CLICK_INTERCEPTED:\n            exception_class = ElementClickInterceptedException\n        elif status in ErrorCode.INSECURE_CERTIFICATE:\n            exception_class = InsecureCertificateException\n        elif status in ErrorCode.INVALID_COORDINATES:\n            exception_class = InvalidCoordinatesException\n        elif status in ErrorCode.INVALID_SESSION_ID:\n            exception_class = InvalidSessionIdException\n        elif status in ErrorCode.UNKNOWN_METHOD:\n            exception_class = UnknownMethodException\n        else:\n            exception_class = WebDriverException\n        if value == '' or value is None:\n            value = response['value']\n        if isinstance(value, basestring):\n            if exception_class == ErrorInResponseException:\n                raise exception_class(response, value)\n            raise exception_class(value)\n        if message == \"\" and 'message' in value:\n            message = value['message']\n    \n        screen = None\n        if 'screen' in value:\n            screen = value['screen']\n    \n        stacktrace = None\n        if 'stackTrace' in value and value['stackTrace']:\n            stacktrace = []\n            try:\n                for frame in value['stackTrace']:\n                    line = self._value_or_default(frame, 'lineNumber', '')\n                    file = self._value_or_default(frame, 'fileName', '<anonymous>')\n                    if line:\n                        file = \"%s:%s\" % (file, line)\n                    meth = self._value_or_default(frame, 'methodName', '<anonymous>')\n                    if 'className' in frame:\n                        meth = \"%s.%s\" % (frame['className'], meth)\n                    msg = \"    at %s (%s)\"\n                    msg = msg % (meth, file)\n                    stacktrace.append(msg)\n            except TypeError:\n                pass\n        if exception_class == ErrorInResponseException:\n            raise exception_class(response, message)\n        elif exception_class == UnexpectedAlertPresentException:\n            alert_text = None\n            if 'data' in value:\n                alert_text = value['data'].get('text')\n            elif 'alert' in value:\n                alert_text = value['alert'].get('text')\n            raise exception_class(message, screen, stacktrace, alert_text)\n>       raise exception_class(message, screen, stacktrace)\nE       selenium.common.exceptions.WebDriverException: Message: An unknown server-side error occurred while processing the command. Original error: Could not find 'aapt.exe' in [\"C:\\\\Program Files\\\\adt-bundle-windows\\\\sdk\\\\platform-tools\\\\aapt.exe\",\"C:\\\\Program Files\\\\adt-bundle-windows\\\\sdk\\\\emulator\\\\aapt.exe\",\"C:\\\\Program Files\\\\adt-bundle-windows\\\\sdk\\\\tools\\\\aapt.exe\",\"C:\\\\Program Files\\\\adt-bundle-windows\\\\sdk\\\\tools\\\\bin\\\\aapt.exe\",\"C:\\\\Program Files\\\\adt-bundle-windows\\\\sdk\\\\build-tools\\\\libbcinfo.dll\\\\aapt.exe\",\"C:\\\\Program Files\\\\adt-bundle-windows\\\\sdk\\\\build-tools\\\\aapt.exe\\\\aapt.exe\",\"C:\\\\Program Files\\\\adt-bundle-windows\\\\sdk\\\\build-tools\\\\aarch64-linux-android-ld.exe\\\\aapt.exe\",\"C:\\\\Program Files\\\\adt-bundle-windows\\\\sdk\\\\build-tools\\\\aidl.exe\\\\aapt.exe\",\"C:\\\\Program Files\\\\adt-bundle-windows\\\\sdk\\\\build-tools\\\\apksigner.bat\\\\aapt.exe\",\"C:\\\\Program Files\\\\adt-bundle-windows\\\\sdk\\\\build-tools\\\\arm-linux-androideabi-ld.exe\\\\aapt.exe\",\"C:\\\\Program Files\\\\adt-bundle-windows\\\\sdk\\\\build-tools\\\\bcc_compat.exe\\\\aapt.exe\",\"C:\\\\Program Files\\\\adt-bundle-windows\\\\sdk\\\\build-tools\\\\x86_64-linux-android-ld.exe\\\\aapt.exe\",\"C:\\\\Program Files\\\\adt-bundle-windows\\\\sdk\\\\build-tools\\\\d8.bat\\\\aapt.exe\",\"C:\\\\Program Files\\\\adt-bundle-windows\\\\sdk\\\\build-tools\\\\dexdump.exe\\\\aapt.exe\",\"C:\\\\Program Files\\\\adt-bundle-windows\\\\sdk\\\\build-tools\\\\dx.bat\\\\aapt.exe\",\"C:\\\\Program Files\\\\adt-bundle-windows\\\\sdk\\\\build-tools\\\\i686-linux-android-ld.exe\\\\aapt.exe\",\"C:\\\\Program Files\\\\adt-bundle-windows\\\\sdk\\\\build-tools\\\\split-select.exe\\\\aapt.exe\",\"C:\\\\Program Files\\\\adt-bundle-windows\\\\sdk\\\\build-tools\\\\lib64\\\\aapt.exe\",\"C:\\\\Program Files\\\\adt-bundle-windows\\\\sdk\\\\build-tools\\\\libaapt2_jni.dll\\\\aapt.exe\",\"C:\\\\Program Files\\\\adt-bundle-windows\\\\sdk\\\\build-tools\\\\libbcc.dll\\\\aapt.exe\",\"C:\\\\Program Files\\\\adt-bundle-windows\\\\sdk\\\\build-tools\\\\aapt2.exe\\\\aapt.exe\",\"C:\\\\Program Files\\\\adt-bundle-windows\\\\sdk\\\\build-tools\\\\libclang_android.dll\\\\aapt.exe\",\"C:\\\\Program Files\\\\adt-bundle-windows\\\\sdk\\\\build-tools\\\\libLLVM_android.dll\\\\aapt.exe\",\"C:\\\\Program Files\\\\adt-bundle-windows\\\\sdk\\\\build-tools\\\\libwinpthread-1.dll\\\\aapt.exe\",\"C:\\\\Program Files\\\\adt-bundle-windows\\\\sdk\\\\build-tools\\\\llvm-rs-cc.exe\\\\aapt.exe\",\"C:\\\\Program Files\\\\adt-bundle-windows\\\\sdk\\\\build-tools\\\\mipsel-linux-android-ld.exe\\\\aapt.exe\",\"C:\\\\Program Files\\\\adt-bundle-windows\\\\sdk\\\\build-tools\\\\mainDexClasses.bat\\\\aapt.exe\",\"C:\\\\Program Files\\\\adt-bundle-windows\\\\sdk\\\\build-tools\\\\zipalign.exe\\\\aapt.exe\",\"C:\\\\Program Files\\\\adt-bundle-windows\\\\sdk\\\\build-tools\\\\mainDexClasses.rules\\\\aapt.exe\",\"C:\\\\Program Files\\\\adt-bundle-windows\\\\sdk\\\\build-tools\\\\mainDexClassesNoAapt.rules\\\\aapt.exe\",\"C:\\\\Program Files\\\\adt-bundle-windows\\\\sdk\\\\build-tools\\\\mainDexClasses\\\\aapt.exe\",\"C:\\\\Program Files\\\\adt-bundle-windows\\\\sdk\\\\build-tools\\\\NOTICE.txt\\\\aapt.exe\",\"C:\\\\Program Files\\\\adt-bundle-windows\\\\sdk\\\\build-tools\\\\renderscript\\\\aapt.exe\",\"C:\\\\Program Files\\\\adt-bundle-windows\\\\sdk\\\\build-tools\\\\runtime.properties\\\\aapt.exe\",\"C:\\\\Program Files\\\\adt-bundle-windows\\\\sdk\\\\build-tools\\\\source.properties\\\\aapt.exe\",\"C:\\\\Program Files\\\\adt-bundle-windows\\\\sdk\\\\build-tools\\\\lib\\\\aapt.exe\",\"C:\\\\Program Files\\\\adt-bundle-windows\\\\sdk\\\\build-tools\\\\core-lambda-stubs.jar\\\\aapt.exe\"]. Do you have Android Build Tools installed at 'C:\\Program Files\\adt-bundle-windows\\sdk'?\n\nC:\\Python38\\lib\\site-packages\\selenium\\webdriver\\remote\\errorhandler.py:242: WebDriverException"}, "parameters": [{"name": "data", "value": "{'login_phone': '18971330001', 'login_pwd': '123456', 'main_store_name': '吉野家日式料理店', 'store_name': None, 'store_id': None, 'time_desc': '近7天', 'time_start': None, 'time_end': None, 'terminal_type': '全部终端', 'terminal_name': None, 'terminal_id': None, 'type_source': '支付宝', 'status': '支付成功'}"}], "start": 1579224313178, "stop": 1579224313178, "uuid": "e303e1fc-f9d7-43bc-b1d3-8f9f6c0f307c", "historyId": "2928fc73e59583accc682909c79825c9", "testCaseId": "3d777f4d2a951069fe1277598e603313", "fullName": "test_cases.test_orderbook.TestOrderBook#test_screen_order", "labels": [{"name": "tag", "value": "smoke"}, {"name": "tag", "value": "order"}, {"name": "tag", "value": "screen"}, {"name": "parentSuite", "value": "test_cases"}, {"name": "suite", "value": "test_orderbook"}, {"name": "subSuite", "value": "TestOrderBook"}, {"name": "host", "value": "AB-201906291255"}, {"name": "thread", "value": "5456-MainThread"}, {"name": "framework", "value": "pytest"}, {"name": "language", "value": "cpython3"}, {"name": "package", "value": "test_cases.test_orderbook"}]}