<!DOCTYPE html>
<html>
  <head>
    <meta charset="utf-8"/>
    <title>Test Report</title>
    <link href="assets/style.css" rel="stylesheet" type="text/css"/></head>
  <body onLoad="init()">
    <script>/* This Source Code Form is subject to the terms of the Mozilla Public
 * License, v. 2.0. If a copy of the MPL was not distributed with this file,
 * You can obtain one at http://mozilla.org/MPL/2.0/. */


function toArray(iter) {
    if (iter === null) {
        return null;
    }
    return Array.prototype.slice.call(iter);
}

function find(selector, elem) {
    if (!elem) {
        elem = document;
    }
    return elem.querySelector(selector);
}

function find_all(selector, elem) {
    if (!elem) {
        elem = document;
    }
    return toArray(elem.querySelectorAll(selector));
}

function sort_column(elem) {
    toggle_sort_states(elem);
    var colIndex = toArray(elem.parentNode.childNodes).indexOf(elem);
    var key;
    if (elem.classList.contains('numeric')) {
        key = key_num;
    } else if (elem.classList.contains('result')) {
        key = key_result;
    } else {
        key = key_alpha;
    }
    sort_table(elem, key(colIndex));
}

function show_all_extras() {
    find_all('.col-result').forEach(show_extras);
}

function hide_all_extras() {
    find_all('.col-result').forEach(hide_extras);
}

function show_extras(colresult_elem) {
    var extras = colresult_elem.parentNode.nextElementSibling;
    var expandcollapse = colresult_elem.firstElementChild;
    extras.classList.remove("collapsed");
    expandcollapse.classList.remove("expander");
    expandcollapse.classList.add("collapser");
}

function hide_extras(colresult_elem) {
    var extras = colresult_elem.parentNode.nextElementSibling;
    var expandcollapse = colresult_elem.firstElementChild;
    extras.classList.add("collapsed");
    expandcollapse.classList.remove("collapser");
    expandcollapse.classList.add("expander");
}

function show_filters() {
    var filter_items = document.getElementsByClassName('filter');
    for (var i = 0; i < filter_items.length; i++)
        filter_items[i].hidden = false;
}

function add_collapse() {
    // Add links for show/hide all
    var resulttable = find('table#results-table');
    var showhideall = document.createElement("p");
    showhideall.innerHTML = '<a href="javascript:show_all_extras()">Show all details</a> / ' +
                            '<a href="javascript:hide_all_extras()">Hide all details</a>';
    resulttable.parentElement.insertBefore(showhideall, resulttable);

    // Add show/hide link to each result
    find_all('.col-result').forEach(function(elem) {
        var collapsed = get_query_parameter('collapsed') || 'Passed';
        var extras = elem.parentNode.nextElementSibling;
        var expandcollapse = document.createElement("span");
        if (collapsed.includes(elem.innerHTML)) {
            extras.classList.add("collapsed");
            expandcollapse.classList.add("expander");
        } else {
            expandcollapse.classList.add("collapser");
        }
        elem.appendChild(expandcollapse);

        elem.addEventListener("click", function(event) {
            if (event.currentTarget.parentNode.nextElementSibling.classList.contains("collapsed")) {
                show_extras(event.currentTarget);
            } else {
                hide_extras(event.currentTarget);
            }
        });
    })
}

function get_query_parameter(name) {
    var match = RegExp('[?&]' + name + '=([^&]*)').exec(window.location.search);
    return match && decodeURIComponent(match[1].replace(/\+/g, ' '));
}

function init () {
    reset_sort_headers();

    add_collapse();

    show_filters();

    toggle_sort_states(find('.initial-sort'));

    find_all('.sortable').forEach(function(elem) {
        elem.addEventListener("click",
                              function(event) {
                                  sort_column(elem);
                              }, false)
    });

};

function sort_table(clicked, key_func) {
    var rows = find_all('.results-table-row');
    var reversed = !clicked.classList.contains('asc');
    var sorted_rows = sort(rows, key_func, reversed);
    /* Whole table is removed here because browsers acts much slower
     * when appending existing elements.
     */
    var thead = document.getElementById("results-table-head");
    document.getElementById('results-table').remove();
    var parent = document.createElement("table");
    parent.id = "results-table";
    parent.appendChild(thead);
    sorted_rows.forEach(function(elem) {
        parent.appendChild(elem);
    });
    document.getElementsByTagName("BODY")[0].appendChild(parent);
}

function sort(items, key_func, reversed) {
    var sort_array = items.map(function(item, i) {
        return [key_func(item), i];
    });
    var multiplier = reversed ? -1 : 1;

    sort_array.sort(function(a, b) {
        var key_a = a[0];
        var key_b = b[0];
        return multiplier * (key_a >= key_b ? 1 : -1);
    });

    return sort_array.map(function(item) {
        var index = item[1];
        return items[index];
    });
}

function key_alpha(col_index) {
    return function(elem) {
        return elem.childNodes[1].childNodes[col_index].firstChild.data.toLowerCase();
    };
}

function key_num(col_index) {
    return function(elem) {
        return parseFloat(elem.childNodes[1].childNodes[col_index].firstChild.data);
    };
}

function key_result(col_index) {
    return function(elem) {
        var strings = ['Error', 'Failed', 'Rerun', 'XFailed', 'XPassed',
                       'Skipped', 'Passed'];
        return strings.indexOf(elem.childNodes[1].childNodes[col_index].firstChild.data);
    };
}

function reset_sort_headers() {
    find_all('.sort-icon').forEach(function(elem) {
        elem.parentNode.removeChild(elem);
    });
    find_all('.sortable').forEach(function(elem) {
        var icon = document.createElement("div");
        icon.className = "sort-icon";
        icon.textContent = "vvv";
        elem.insertBefore(icon, elem.firstChild);
        elem.classList.remove("desc", "active");
        elem.classList.add("asc", "inactive");
    });
}

function toggle_sort_states(elem) {
    //if active, toggle between asc and desc
    if (elem.classList.contains('active')) {
        elem.classList.toggle('asc');
        elem.classList.toggle('desc');
    }

    //if inactive, reset all other functions and add ascending active
    if (elem.classList.contains('inactive')) {
        reset_sort_headers();
        elem.classList.remove('inactive');
        elem.classList.add('active');
    }
}

function is_all_rows_hidden(value) {
  return value.hidden == false;
}

function filter_table(elem) {
    var outcome_att = "data-test-result";
    var outcome = elem.getAttribute(outcome_att);
    class_outcome = outcome + " results-table-row";
    var outcome_rows = document.getElementsByClassName(class_outcome);

    for(var i = 0; i < outcome_rows.length; i++){
        outcome_rows[i].hidden = !elem.checked;
    }

    var rows = find_all('.results-table-row').filter(is_all_rows_hidden);
    var all_rows_hidden = rows.length == 0 ? true : false;
    var not_found_message = document.getElementById("not-found-message");
    not_found_message.hidden = !all_rows_hidden;
}
</script>
    <h1>report.html</h1>
    <p>Report generated on 06-Jan-2020 at 18:06:59 by <a href="https://pypi.python.org/pypi/pytest-html">pytest-html</a> v1.22.0</p>
    <h2>Environment</h2>
    <table id="environment">
      <tr>
        <td>JAVA_HOME</td>
        <td>C:\Program Files\Java\jdk1.8.0_221</td></tr>
      <tr>
        <td>Packages</td>
        <td>{&apos;pytest&apos;: &apos;5.0.1&apos;, &apos;py&apos;: &apos;1.8.0&apos;, &apos;pluggy&apos;: &apos;0.12.0&apos;}</td></tr>
      <tr>
        <td>Platform</td>
        <td>Windows-7-6.1.7601-SP1</td></tr>
      <tr>
        <td>Plugins</td>
        <td>{&apos;allure-pytest&apos;: &apos;2.8.5&apos;, &apos;html&apos;: &apos;1.22.0&apos;, &apos;metadata&apos;: &apos;1.8.0&apos;}</td></tr>
      <tr>
        <td>Python</td>
        <td>3.7.3</td></tr></table>
    <h2>Summary</h2>
    <p>1 tests ran in 31.73 seconds. </p>
    <p class="filter" hidden="true">(Un)check the boxes to filter the results.</p><input checked="true" class="filter" data-test-result="passed" disabled="true" hidden="true" name="filter_checkbox" onChange="filter_table(this)" type="checkbox"/><span class="passed">0 passed</span>, <input checked="true" class="filter" data-test-result="skipped" disabled="true" hidden="true" name="filter_checkbox" onChange="filter_table(this)" type="checkbox"/><span class="skipped">0 skipped</span>, <input checked="true" class="filter" data-test-result="failed" hidden="true" name="filter_checkbox" onChange="filter_table(this)" type="checkbox"/><span class="failed">1 failed</span>, <input checked="true" class="filter" data-test-result="error" hidden="true" name="filter_checkbox" onChange="filter_table(this)" type="checkbox"/><span class="error">5 errors</span>, <input checked="true" class="filter" data-test-result="xfailed" disabled="true" hidden="true" name="filter_checkbox" onChange="filter_table(this)" type="checkbox"/><span class="xfailed">0 expected failures</span>, <input checked="true" class="filter" data-test-result="xpassed" disabled="true" hidden="true" name="filter_checkbox" onChange="filter_table(this)" type="checkbox"/><span class="xpassed">0 unexpected passes</span>
    <h2>Results</h2>
    <table id="results-table">
      <thead id="results-table-head">
        <tr>
          <th class="sortable result initial-sort" col="result">Result</th>
          <th class="sortable" col="name">Test</th>
          <th class="sortable numeric" col="duration">Duration</th>
          <th>Links</th></tr>
        <tr hidden="true" id="not-found-message">
          <th colspan="4">No results found. Try to check the filters</th></tr></thead>
      <tbody class="error results-table-row">
        <tr>
          <td class="col-result">Error</td>
          <td class="col-name">test_cases/test_orderbook.py::TestOrderBook::test_screen_order[data1]::setup</td>
          <td class="col-duration">1.89</td>
          <td class="col-links"></td></tr>
        <tr>
          <td class="extra" colspan="4">
            <div class="log">@pytest.fixture()<br/>    def run_app():<br/>        # 启动参数<br/>&gt;       driver = _base_driver()<br/><br/>test_cases\conftest.py:47: <br/>_ _ _ _ _ _ _ _ _ _ _ _ _ _ _ _ _ _ _ _ _ _ _ _ _ _ _ _ _ _ _ _ _ _ _ _ _ _ _ _<br/>test_cases\conftest.py:89: in _base_driver<br/>    driver = webdriver.Remote(&#x27;http://127.0.0.1:{}/wd/hub&#x27;.format(server_port), desired_caps)<br/>C:\Python37\lib\site-packages\appium\webdriver\webdriver.py:144: in __init__<br/>    proxy<br/>C:\Python37\lib\site-packages\selenium\webdriver\remote\webdriver.py:157: in __init__<br/>    self.start_session(capabilities, browser_profile)<br/>C:\Python37\lib\site-packages\appium\webdriver\webdriver.py:219: in start_session<br/>    response = self.execute(RemoteCommand.NEW_SESSION, parameters)<br/>C:\Python37\lib\site-packages\selenium\webdriver\remote\webdriver.py:321: in execute<br/>    self.error_handler.check_response(response)<br/>_ _ _ _ _ _ _ _ _ _ _ _ _ _ _ _ _ _ _ _ _ _ _ _ _ _ _ _ _ _ _ _ _ _ _ _ _ _ _ _<br/><br/>self = &lt;selenium.webdriver.remote.errorhandler.ErrorHandler object at 0x0000000004CCD9E8&gt;<br/>response = {&#x27;status&#x27;: 500, &#x27;value&#x27;: &#x27;{&quot;value&quot;:{&quot;error&quot;:&quot;unknown error&quot;,&quot;message&quot;:&quot;An unknown server-side error occurred while pro...iver\\\\lib\\\\protocol\\\\protocol.js:388:37)\\n    at process._tickCallback (internal/process/next_tick.js:68:7)&quot;}}&#x27;}<br/><br/>    def check_response(self, response):<br/>        &quot;&quot;&quot;<br/>        Checks that a JSON response from the WebDriver does not have an error.<br/>    <br/>        :Args:<br/>         - response - The JSON response from the WebDriver server as a dictionary<br/>           object.<br/>    <br/>        :Raises: If the response contains an error message.<br/>        &quot;&quot;&quot;<br/>        status = response.get(&#x27;status&#x27;, None)<br/>        if status is None or status == ErrorCode.SUCCESS:<br/>            return<br/>        value = None<br/>        message = response.get(&quot;message&quot;, &quot;&quot;)<br/>        screen = response.get(&quot;screen&quot;, &quot;&quot;)<br/>        stacktrace = None<br/>        if isinstance(status, int):<br/>            value_json = response.get(&#x27;value&#x27;, None)<br/>            if value_json and isinstance(value_json, basestring):<br/>                import json<br/>                try:<br/>                    value = json.loads(value_json)<br/>                    if len(value.keys()) == 1:<br/>                        value = value[&#x27;value&#x27;]<br/>                    status = value.get(&#x27;error&#x27;, None)<br/>                    if status is None:<br/>                        status = value[&quot;status&quot;]<br/>                        message = value[&quot;value&quot;]<br/>                        if not isinstance(message, basestring):<br/>                            value = message<br/>                            message = message.get(&#x27;message&#x27;)<br/>                    else:<br/>                        message = value.get(&#x27;message&#x27;, None)<br/>                except ValueError:<br/>                    pass<br/>    <br/>        exception_class = ErrorInResponseException<br/>        if status in ErrorCode.NO_SUCH_ELEMENT:<br/>            exception_class = NoSuchElementException<br/>        elif status in ErrorCode.NO_SUCH_FRAME:<br/>            exception_class = NoSuchFrameException<br/>        elif status in ErrorCode.NO_SUCH_WINDOW:<br/>            exception_class = NoSuchWindowException<br/>        elif status in ErrorCode.STALE_ELEMENT_REFERENCE:<br/>            exception_class = StaleElementReferenceException<br/>        elif status in ErrorCode.ELEMENT_NOT_VISIBLE:<br/>            exception_class = ElementNotVisibleException<br/>        elif status in ErrorCode.INVALID_ELEMENT_STATE:<br/>            exception_class = InvalidElementStateException<br/>        elif status in ErrorCode.INVALID_SELECTOR \<br/>                or status in ErrorCode.INVALID_XPATH_SELECTOR \<br/>                or status in ErrorCode.INVALID_XPATH_SELECTOR_RETURN_TYPER:<br/>            exception_class = InvalidSelectorException<br/>        elif status in ErrorCode.ELEMENT_IS_NOT_SELECTABLE:<br/>            exception_class = ElementNotSelectableException<br/>        elif status in ErrorCode.ELEMENT_NOT_INTERACTABLE:<br/>            exception_class = ElementNotInteractableException<br/>        elif status in ErrorCode.INVALID_COOKIE_DOMAIN:<br/>            exception_class = InvalidCookieDomainException<br/>        elif status in ErrorCode.UNABLE_TO_SET_COOKIE:<br/>            exception_class = UnableToSetCookieException<br/>        elif status in ErrorCode.TIMEOUT:<br/>            exception_class = TimeoutException<br/>        elif status in ErrorCode.SCRIPT_TIMEOUT:<br/>            exception_class = TimeoutException<br/>        elif status in ErrorCode.UNKNOWN_ERROR:<br/>            exception_class = WebDriverException<br/>        elif status in ErrorCode.UNEXPECTED_ALERT_OPEN:<br/>            exception_class = UnexpectedAlertPresentException<br/>        elif status in ErrorCode.NO_ALERT_OPEN:<br/>            exception_class = NoAlertPresentException<br/>        elif status in ErrorCode.IME_NOT_AVAILABLE:<br/>            exception_class = ImeNotAvailableException<br/>        elif status in ErrorCode.IME_ENGINE_ACTIVATION_FAILED:<br/>            exception_class = ImeActivationFailedException<br/>        elif status in ErrorCode.MOVE_TARGET_OUT_OF_BOUNDS:<br/>            exception_class = MoveTargetOutOfBoundsException<br/>        elif status in ErrorCode.JAVASCRIPT_ERROR:<br/>            exception_class = JavascriptException<br/>        elif status in ErrorCode.SESSION_NOT_CREATED:<br/>            exception_class = SessionNotCreatedException<br/>        elif status in ErrorCode.INVALID_ARGUMENT:<br/>            exception_class = InvalidArgumentException<br/>        elif status in ErrorCode.NO_SUCH_COOKIE:<br/>            exception_class = NoSuchCookieException<br/>        elif status in ErrorCode.UNABLE_TO_CAPTURE_SCREEN:<br/>            exception_class = ScreenshotException<br/>        elif status in ErrorCode.ELEMENT_CLICK_INTERCEPTED:<br/>            exception_class = ElementClickInterceptedException<br/>        elif status in ErrorCode.INSECURE_CERTIFICATE:<br/>            exception_class = InsecureCertificateException<br/>        elif status in ErrorCode.INVALID_COORDINATES:<br/>            exception_class = InvalidCoordinatesException<br/>        elif status in ErrorCode.INVALID_SESSION_ID:<br/>            exception_class = InvalidSessionIdException<br/>        elif status in ErrorCode.UNKNOWN_METHOD:<br/>            exception_class = UnknownMethodException<br/>        else:<br/>            exception_class = WebDriverException<br/>        if value == &#x27;&#x27; or value is None:<br/>            value = response[&#x27;value&#x27;]<br/>        if isinstance(value, basestring):<br/>            if exception_class == ErrorInResponseException:<br/>                raise exception_class(response, value)<br/>            raise exception_class(value)<br/>        if message == &quot;&quot; and &#x27;message&#x27; in value:<br/>            message = value[&#x27;message&#x27;]<br/>    <br/>        screen = None<br/>        if &#x27;screen&#x27; in value:<br/>            screen = value[&#x27;screen&#x27;]<br/>    <br/>        stacktrace = None<br/>        if &#x27;stackTrace&#x27; in value and value[&#x27;stackTrace&#x27;]:<br/>            stacktrace = []<br/>            try:<br/>                for frame in value[&#x27;stackTrace&#x27;]:<br/>                    line = self._value_or_default(frame, &#x27;lineNumber&#x27;, &#x27;&#x27;)<br/>                    file = self._value_or_default(frame, &#x27;fileName&#x27;, &#x27;&lt;anonymous&gt;&#x27;)<br/>                    if line:<br/>                        file = &quot;%s:%s&quot; % (file, line)<br/>                    meth = self._value_or_default(frame, &#x27;methodName&#x27;, &#x27;&lt;anonymous&gt;&#x27;)<br/>                    if &#x27;className&#x27; in frame:<br/>                        meth = &quot;%s.%s&quot; % (frame[&#x27;className&#x27;], meth)<br/>                    msg = &quot;    at %s (%s)&quot;<br/>                    msg = msg % (meth, file)<br/>                    stacktrace.append(msg)<br/>            except TypeError:<br/>                pass<br/>        if exception_class == ErrorInResponseException:<br/>            raise exception_class(response, message)<br/>        elif exception_class == UnexpectedAlertPresentException:<br/>            alert_text = None<br/>            if &#x27;data&#x27; in value:<br/>                alert_text = value[&#x27;data&#x27;].get(&#x27;text&#x27;)<br/>            elif &#x27;alert&#x27; in value:<br/>                alert_text = value[&#x27;alert&#x27;].get(&#x27;text&#x27;)<br/>            raise exception_class(message, screen, stacktrace, alert_text)<br/>&gt;       raise exception_class(message, screen, stacktrace)<br/><span class="error">E       selenium.common.exceptions.WebDriverException: Message: An unknown server-side error occurred while processing the command. Original error: Could not find &#x27;aapt.exe&#x27; in [&quot;C:\\Program Files\\adt-bundle-windows\\sdk\\platform-tools\\aapt.exe&quot;,&quot;C:\\Program Files\\adt-bundle-windows\\sdk\\emulator\\aapt.exe&quot;,&quot;C:\\Program Files\\adt-bundle-windows\\sdk\\tools\\aapt.exe&quot;,&quot;C:\\Program Files\\adt-bundle-windows\\sdk\\tools\\bin\\aapt.exe&quot;,&quot;C:\\Program Files\\adt-bundle-windows\\sdk\\build-tools\\libbcinfo.dll\\aapt.exe&quot;,&quot;C:\\Program Files\\adt-bundle-windows\\sdk\\build-tools\\aapt.exe\\aapt.exe&quot;,&quot;C:\\Program Files\\adt-bundle-windows\\sdk\\build-tools\\aarch64-linux-android-ld.exe\\aapt.exe&quot;,&quot;C:\\Program Files\\adt-bundle-windows\\sdk\\build-tools\\aidl.exe\\aapt.exe&quot;,&quot;C:\\Program Files\\adt-bundle-windows\\sdk\\build-tools\\apksigner.bat\\aapt.exe&quot;,&quot;C:\\Program Files\\adt-bundle-windows\\sdk\\build-tools\\arm-linux-androideabi-ld.exe\\aapt.exe&quot;,&quot;C:\\Program Files\\adt-bundle-windows\\sdk\\build-tools\\bcc_compat.exe\\aapt.exe&quot;,&quot;C:\\Program Files\\adt-bundle-windows\\sdk\\build-tools\\x86_64-linux-android-ld.exe\\aapt.exe&quot;,&quot;C:\\Program Files\\adt-bundle-windows\\sdk\\build-tools\\d8.bat\\aapt.exe&quot;,&quot;C:\\Program Files\\adt-bundle-windows\\sdk\\build-tools\\dexdump.exe\\aapt.exe&quot;,&quot;C:\\Program Files\\adt-bundle-windows\\sdk\\build-tools\\dx.bat\\aapt.exe&quot;,&quot;C:\\Program Files\\adt-bundle-windows\\sdk\\build-tools\\i686-linux-android-ld.exe\\aapt.exe&quot;,&quot;C:\\Program Files\\adt-bundle-windows\\sdk\\build-tools\\split-select.exe\\aapt.exe&quot;,&quot;C:\\Program Files\\adt-bundle-windows\\sdk\\build-tools\\lib64\\aapt.exe&quot;,&quot;C:\\Program Files\\adt-bundle-windows\\sdk\\build-tools\\libaapt2_jni.dll\\aapt.exe&quot;,&quot;C:\\Program Files\\adt-bundle-windows\\sdk\\build-tools\\libbcc.dll\\aapt.exe&quot;,&quot;C:\\Program Files\\adt-bundle-windows\\sdk\\build-tools\\aapt2.exe\\aapt.exe&quot;,&quot;C:\\Program Files\\adt-bundle-windows\\sdk\\build-tools\\libclang_android.dll\\aapt.exe&quot;,&quot;C:\\Program Files\\adt-bundle-windows\\sdk\\build-tools\\libLLVM_android.dll\\aapt.exe&quot;,&quot;C:\\Program Files\\adt-bundle-windows\\sdk\\build-tools\\libwinpthread-1.dll\\aapt.exe&quot;,&quot;C:\\Program Files\\adt-bundle-windows\\sdk\\build-tools\\llvm-rs-cc.exe\\aapt.exe&quot;,&quot;C:\\Program Files\\adt-bundle-windows\\sdk\\build-tools\\mipsel-linux-android-ld.exe\\aapt.exe&quot;,&quot;C:\\Program Files\\adt-bundle-windows\\sdk\\build-tools\\mainDexClasses.bat\\aapt.exe&quot;,&quot;C:\\Program Files\\adt-bundle-windows\\sdk\\build-tools\\zipalign.exe\\aapt.exe&quot;,&quot;C:\\Program Files\\adt-bundle-windows\\sdk\\build-tools\\mainDexClasses.rules\\aapt.exe&quot;,&quot;C:\\Program Files\\adt-bundle-windows\\sdk\\build-tools\\mainDexClassesNoAapt.rules\\aapt.exe&quot;,&quot;C:\\Program Files\\adt-bundle-windows\\sdk\\build-tools\\mainDexClasses\\aapt.exe&quot;,&quot;C:\\Program Files\\adt-bundle-windows\\sdk\\build-tools\\NOTICE.txt\\aapt.exe&quot;,&quot;C:\\Program Files\\adt-bundle-windows\\sdk\\build-tools\\renderscript\\aapt.exe&quot;,&quot;C:\\Program Files\\adt-bundle-windows\\sdk\\build-tools\\runtime.properties\\aapt.exe&quot;,&quot;C:\\Program Files\\adt-bundle-windows\\sdk\\build-tools\\source.properties\\aapt.exe&quot;,&quot;C:\\Program Files\\adt-bundle-windows\\sdk\\build-tools\\lib\\aapt.exe&quot;,&quot;C:\\Program Files\\adt-bundle-windows\\sdk\\build-tools\\core-lambda-stubs.jar\\aapt.exe&quot;]. Do you have Android Build Tools installed at &#x27;C:\Program Files\adt-bundle-windows\sdk&#x27;?</span><br/><br/>C:\Python37\lib\site-packages\selenium\webdriver\remote\errorhandler.py:242: WebDriverException<br/></div></td></tr></tbody>
      <tbody class="error results-table-row">
        <tr>
          <td class="col-result">Error</td>
          <td class="col-name">test_cases/test_orderbook.py::TestOrderBook::test_screen_order[data2]::setup</td>
          <td class="col-duration">2.36</td>
          <td class="col-links"></td></tr>
        <tr>
          <td class="extra" colspan="4">
            <div class="log">@pytest.fixture()<br/>    def run_app():<br/>        # 启动参数<br/>&gt;       driver = _base_driver()<br/><br/>test_cases\conftest.py:47: <br/>_ _ _ _ _ _ _ _ _ _ _ _ _ _ _ _ _ _ _ _ _ _ _ _ _ _ _ _ _ _ _ _ _ _ _ _ _ _ _ _<br/>test_cases\conftest.py:89: in _base_driver<br/>    driver = webdriver.Remote(&#x27;http://127.0.0.1:{}/wd/hub&#x27;.format(server_port), desired_caps)<br/>C:\Python37\lib\site-packages\appium\webdriver\webdriver.py:144: in __init__<br/>    proxy<br/>C:\Python37\lib\site-packages\selenium\webdriver\remote\webdriver.py:157: in __init__<br/>    self.start_session(capabilities, browser_profile)<br/>C:\Python37\lib\site-packages\appium\webdriver\webdriver.py:219: in start_session<br/>    response = self.execute(RemoteCommand.NEW_SESSION, parameters)<br/>C:\Python37\lib\site-packages\selenium\webdriver\remote\webdriver.py:321: in execute<br/>    self.error_handler.check_response(response)<br/>_ _ _ _ _ _ _ _ _ _ _ _ _ _ _ _ _ _ _ _ _ _ _ _ _ _ _ _ _ _ _ _ _ _ _ _ _ _ _ _<br/><br/>self = &lt;selenium.webdriver.remote.errorhandler.ErrorHandler object at 0x0000000004E4DC88&gt;<br/>response = {&#x27;status&#x27;: 500, &#x27;value&#x27;: &#x27;{&quot;value&quot;:{&quot;error&quot;:&quot;unknown error&quot;,&quot;message&quot;:&quot;An unknown server-side error occurred while pro...iver\\\\lib\\\\protocol\\\\protocol.js:388:37)\\n    at process._tickCallback (internal/process/next_tick.js:68:7)&quot;}}&#x27;}<br/><br/>    def check_response(self, response):<br/>        &quot;&quot;&quot;<br/>        Checks that a JSON response from the WebDriver does not have an error.<br/>    <br/>        :Args:<br/>         - response - The JSON response from the WebDriver server as a dictionary<br/>           object.<br/>    <br/>        :Raises: If the response contains an error message.<br/>        &quot;&quot;&quot;<br/>        status = response.get(&#x27;status&#x27;, None)<br/>        if status is None or status == ErrorCode.SUCCESS:<br/>            return<br/>        value = None<br/>        message = response.get(&quot;message&quot;, &quot;&quot;)<br/>        screen = response.get(&quot;screen&quot;, &quot;&quot;)<br/>        stacktrace = None<br/>        if isinstance(status, int):<br/>            value_json = response.get(&#x27;value&#x27;, None)<br/>            if value_json and isinstance(value_json, basestring):<br/>                import json<br/>                try:<br/>                    value = json.loads(value_json)<br/>                    if len(value.keys()) == 1:<br/>                        value = value[&#x27;value&#x27;]<br/>                    status = value.get(&#x27;error&#x27;, None)<br/>                    if status is None:<br/>                        status = value[&quot;status&quot;]<br/>                        message = value[&quot;value&quot;]<br/>                        if not isinstance(message, basestring):<br/>                            value = message<br/>                            message = message.get(&#x27;message&#x27;)<br/>                    else:<br/>                        message = value.get(&#x27;message&#x27;, None)<br/>                except ValueError:<br/>                    pass<br/>    <br/>        exception_class = ErrorInResponseException<br/>        if status in ErrorCode.NO_SUCH_ELEMENT:<br/>            exception_class = NoSuchElementException<br/>        elif status in ErrorCode.NO_SUCH_FRAME:<br/>            exception_class = NoSuchFrameException<br/>        elif status in ErrorCode.NO_SUCH_WINDOW:<br/>            exception_class = NoSuchWindowException<br/>        elif status in ErrorCode.STALE_ELEMENT_REFERENCE:<br/>            exception_class = StaleElementReferenceException<br/>        elif status in ErrorCode.ELEMENT_NOT_VISIBLE:<br/>            exception_class = ElementNotVisibleException<br/>        elif status in ErrorCode.INVALID_ELEMENT_STATE:<br/>            exception_class = InvalidElementStateException<br/>        elif status in ErrorCode.INVALID_SELECTOR \<br/>                or status in ErrorCode.INVALID_XPATH_SELECTOR \<br/>                or status in ErrorCode.INVALID_XPATH_SELECTOR_RETURN_TYPER:<br/>            exception_class = InvalidSelectorException<br/>        elif status in ErrorCode.ELEMENT_IS_NOT_SELECTABLE:<br/>            exception_class = ElementNotSelectableException<br/>        elif status in ErrorCode.ELEMENT_NOT_INTERACTABLE:<br/>            exception_class = ElementNotInteractableException<br/>        elif status in ErrorCode.INVALID_COOKIE_DOMAIN:<br/>            exception_class = InvalidCookieDomainException<br/>        elif status in ErrorCode.UNABLE_TO_SET_COOKIE:<br/>            exception_class = UnableToSetCookieException<br/>        elif status in ErrorCode.TIMEOUT:<br/>            exception_class = TimeoutException<br/>        elif status in ErrorCode.SCRIPT_TIMEOUT:<br/>            exception_class = TimeoutException<br/>        elif status in ErrorCode.UNKNOWN_ERROR:<br/>            exception_class = WebDriverException<br/>        elif status in ErrorCode.UNEXPECTED_ALERT_OPEN:<br/>            exception_class = UnexpectedAlertPresentException<br/>        elif status in ErrorCode.NO_ALERT_OPEN:<br/>            exception_class = NoAlertPresentException<br/>        elif status in ErrorCode.IME_NOT_AVAILABLE:<br/>            exception_class = ImeNotAvailableException<br/>        elif status in ErrorCode.IME_ENGINE_ACTIVATION_FAILED:<br/>            exception_class = ImeActivationFailedException<br/>        elif status in ErrorCode.MOVE_TARGET_OUT_OF_BOUNDS:<br/>            exception_class = MoveTargetOutOfBoundsException<br/>        elif status in ErrorCode.JAVASCRIPT_ERROR:<br/>            exception_class = JavascriptException<br/>        elif status in ErrorCode.SESSION_NOT_CREATED:<br/>            exception_class = SessionNotCreatedException<br/>        elif status in ErrorCode.INVALID_ARGUMENT:<br/>            exception_class = InvalidArgumentException<br/>        elif status in ErrorCode.NO_SUCH_COOKIE:<br/>            exception_class = NoSuchCookieException<br/>        elif status in ErrorCode.UNABLE_TO_CAPTURE_SCREEN:<br/>            exception_class = ScreenshotException<br/>        elif status in ErrorCode.ELEMENT_CLICK_INTERCEPTED:<br/>            exception_class = ElementClickInterceptedException<br/>        elif status in ErrorCode.INSECURE_CERTIFICATE:<br/>            exception_class = InsecureCertificateException<br/>        elif status in ErrorCode.INVALID_COORDINATES:<br/>            exception_class = InvalidCoordinatesException<br/>        elif status in ErrorCode.INVALID_SESSION_ID:<br/>            exception_class = InvalidSessionIdException<br/>        elif status in ErrorCode.UNKNOWN_METHOD:<br/>            exception_class = UnknownMethodException<br/>        else:<br/>            exception_class = WebDriverException<br/>        if value == &#x27;&#x27; or value is None:<br/>            value = response[&#x27;value&#x27;]<br/>        if isinstance(value, basestring):<br/>            if exception_class == ErrorInResponseException:<br/>                raise exception_class(response, value)<br/>            raise exception_class(value)<br/>        if message == &quot;&quot; and &#x27;message&#x27; in value:<br/>            message = value[&#x27;message&#x27;]<br/>    <br/>        screen = None<br/>        if &#x27;screen&#x27; in value:<br/>            screen = value[&#x27;screen&#x27;]<br/>    <br/>        stacktrace = None<br/>        if &#x27;stackTrace&#x27; in value and value[&#x27;stackTrace&#x27;]:<br/>            stacktrace = []<br/>            try:<br/>                for frame in value[&#x27;stackTrace&#x27;]:<br/>                    line = self._value_or_default(frame, &#x27;lineNumber&#x27;, &#x27;&#x27;)<br/>                    file = self._value_or_default(frame, &#x27;fileName&#x27;, &#x27;&lt;anonymous&gt;&#x27;)<br/>                    if line:<br/>                        file = &quot;%s:%s&quot; % (file, line)<br/>                    meth = self._value_or_default(frame, &#x27;methodName&#x27;, &#x27;&lt;anonymous&gt;&#x27;)<br/>                    if &#x27;className&#x27; in frame:<br/>                        meth = &quot;%s.%s&quot; % (frame[&#x27;className&#x27;], meth)<br/>                    msg = &quot;    at %s (%s)&quot;<br/>                    msg = msg % (meth, file)<br/>                    stacktrace.append(msg)<br/>            except TypeError:<br/>                pass<br/>        if exception_class == ErrorInResponseException:<br/>            raise exception_class(response, message)<br/>        elif exception_class == UnexpectedAlertPresentException:<br/>            alert_text = None<br/>            if &#x27;data&#x27; in value:<br/>                alert_text = value[&#x27;data&#x27;].get(&#x27;text&#x27;)<br/>            elif &#x27;alert&#x27; in value:<br/>                alert_text = value[&#x27;alert&#x27;].get(&#x27;text&#x27;)<br/>            raise exception_class(message, screen, stacktrace, alert_text)<br/>&gt;       raise exception_class(message, screen, stacktrace)<br/><span class="error">E       selenium.common.exceptions.WebDriverException: Message: An unknown server-side error occurred while processing the command. Original error: Could not find &#x27;aapt.exe&#x27; in [&quot;C:\\Program Files\\adt-bundle-windows\\sdk\\platform-tools\\aapt.exe&quot;,&quot;C:\\Program Files\\adt-bundle-windows\\sdk\\emulator\\aapt.exe&quot;,&quot;C:\\Program Files\\adt-bundle-windows\\sdk\\tools\\aapt.exe&quot;,&quot;C:\\Program Files\\adt-bundle-windows\\sdk\\tools\\bin\\aapt.exe&quot;,&quot;C:\\Program Files\\adt-bundle-windows\\sdk\\build-tools\\libbcinfo.dll\\aapt.exe&quot;,&quot;C:\\Program Files\\adt-bundle-windows\\sdk\\build-tools\\aapt.exe\\aapt.exe&quot;,&quot;C:\\Program Files\\adt-bundle-windows\\sdk\\build-tools\\aarch64-linux-android-ld.exe\\aapt.exe&quot;,&quot;C:\\Program Files\\adt-bundle-windows\\sdk\\build-tools\\aidl.exe\\aapt.exe&quot;,&quot;C:\\Program Files\\adt-bundle-windows\\sdk\\build-tools\\apksigner.bat\\aapt.exe&quot;,&quot;C:\\Program Files\\adt-bundle-windows\\sdk\\build-tools\\arm-linux-androideabi-ld.exe\\aapt.exe&quot;,&quot;C:\\Program Files\\adt-bundle-windows\\sdk\\build-tools\\bcc_compat.exe\\aapt.exe&quot;,&quot;C:\\Program Files\\adt-bundle-windows\\sdk\\build-tools\\x86_64-linux-android-ld.exe\\aapt.exe&quot;,&quot;C:\\Program Files\\adt-bundle-windows\\sdk\\build-tools\\d8.bat\\aapt.exe&quot;,&quot;C:\\Program Files\\adt-bundle-windows\\sdk\\build-tools\\dexdump.exe\\aapt.exe&quot;,&quot;C:\\Program Files\\adt-bundle-windows\\sdk\\build-tools\\dx.bat\\aapt.exe&quot;,&quot;C:\\Program Files\\adt-bundle-windows\\sdk\\build-tools\\i686-linux-android-ld.exe\\aapt.exe&quot;,&quot;C:\\Program Files\\adt-bundle-windows\\sdk\\build-tools\\split-select.exe\\aapt.exe&quot;,&quot;C:\\Program Files\\adt-bundle-windows\\sdk\\build-tools\\lib64\\aapt.exe&quot;,&quot;C:\\Program Files\\adt-bundle-windows\\sdk\\build-tools\\libaapt2_jni.dll\\aapt.exe&quot;,&quot;C:\\Program Files\\adt-bundle-windows\\sdk\\build-tools\\libbcc.dll\\aapt.exe&quot;,&quot;C:\\Program Files\\adt-bundle-windows\\sdk\\build-tools\\aapt2.exe\\aapt.exe&quot;,&quot;C:\\Program Files\\adt-bundle-windows\\sdk\\build-tools\\libclang_android.dll\\aapt.exe&quot;,&quot;C:\\Program Files\\adt-bundle-windows\\sdk\\build-tools\\libLLVM_android.dll\\aapt.exe&quot;,&quot;C:\\Program Files\\adt-bundle-windows\\sdk\\build-tools\\libwinpthread-1.dll\\aapt.exe&quot;,&quot;C:\\Program Files\\adt-bundle-windows\\sdk\\build-tools\\llvm-rs-cc.exe\\aapt.exe&quot;,&quot;C:\\Program Files\\adt-bundle-windows\\sdk\\build-tools\\mipsel-linux-android-ld.exe\\aapt.exe&quot;,&quot;C:\\Program Files\\adt-bundle-windows\\sdk\\build-tools\\mainDexClasses.bat\\aapt.exe&quot;,&quot;C:\\Program Files\\adt-bundle-windows\\sdk\\build-tools\\zipalign.exe\\aapt.exe&quot;,&quot;C:\\Program Files\\adt-bundle-windows\\sdk\\build-tools\\mainDexClasses.rules\\aapt.exe&quot;,&quot;C:\\Program Files\\adt-bundle-windows\\sdk\\build-tools\\mainDexClassesNoAapt.rules\\aapt.exe&quot;,&quot;C:\\Program Files\\adt-bundle-windows\\sdk\\build-tools\\mainDexClasses\\aapt.exe&quot;,&quot;C:\\Program Files\\adt-bundle-windows\\sdk\\build-tools\\NOTICE.txt\\aapt.exe&quot;,&quot;C:\\Program Files\\adt-bundle-windows\\sdk\\build-tools\\renderscript\\aapt.exe&quot;,&quot;C:\\Program Files\\adt-bundle-windows\\sdk\\build-tools\\runtime.properties\\aapt.exe&quot;,&quot;C:\\Program Files\\adt-bundle-windows\\sdk\\build-tools\\source.properties\\aapt.exe&quot;,&quot;C:\\Program Files\\adt-bundle-windows\\sdk\\build-tools\\lib\\aapt.exe&quot;,&quot;C:\\Program Files\\adt-bundle-windows\\sdk\\build-tools\\core-lambda-stubs.jar\\aapt.exe&quot;]. Do you have Android Build Tools installed at &#x27;C:\Program Files\adt-bundle-windows\sdk&#x27;?</span><br/><br/>C:\Python37\lib\site-packages\selenium\webdriver\remote\errorhandler.py:242: WebDriverException<br/></div></td></tr></tbody>
      <tbody class="error results-table-row">
        <tr>
          <td class="col-result">Error</td>
          <td class="col-name">test_cases/test_orderbook.py::TestOrderBook::test_screen_order[data3]::setup</td>
          <td class="col-duration">2.35</td>
          <td class="col-links"></td></tr>
        <tr>
          <td class="extra" colspan="4">
            <div class="log">@pytest.fixture()<br/>    def run_app():<br/>        # 启动参数<br/>&gt;       driver = _base_driver()<br/><br/>test_cases\conftest.py:47: <br/>_ _ _ _ _ _ _ _ _ _ _ _ _ _ _ _ _ _ _ _ _ _ _ _ _ _ _ _ _ _ _ _ _ _ _ _ _ _ _ _<br/>test_cases\conftest.py:89: in _base_driver<br/>    driver = webdriver.Remote(&#x27;http://127.0.0.1:{}/wd/hub&#x27;.format(server_port), desired_caps)<br/>C:\Python37\lib\site-packages\appium\webdriver\webdriver.py:144: in __init__<br/>    proxy<br/>C:\Python37\lib\site-packages\selenium\webdriver\remote\webdriver.py:157: in __init__<br/>    self.start_session(capabilities, browser_profile)<br/>C:\Python37\lib\site-packages\appium\webdriver\webdriver.py:219: in start_session<br/>    response = self.execute(RemoteCommand.NEW_SESSION, parameters)<br/>C:\Python37\lib\site-packages\selenium\webdriver\remote\webdriver.py:321: in execute<br/>    self.error_handler.check_response(response)<br/>_ _ _ _ _ _ _ _ _ _ _ _ _ _ _ _ _ _ _ _ _ _ _ _ _ _ _ _ _ _ _ _ _ _ _ _ _ _ _ _<br/><br/>self = &lt;selenium.webdriver.remote.errorhandler.ErrorHandler object at 0x0000000004F6D898&gt;<br/>response = {&#x27;status&#x27;: 500, &#x27;value&#x27;: &#x27;{&quot;value&quot;:{&quot;error&quot;:&quot;unknown error&quot;,&quot;message&quot;:&quot;An unknown server-side error occurred while pro...iver\\\\lib\\\\protocol\\\\protocol.js:388:37)\\n    at process._tickCallback (internal/process/next_tick.js:68:7)&quot;}}&#x27;}<br/><br/>    def check_response(self, response):<br/>        &quot;&quot;&quot;<br/>        Checks that a JSON response from the WebDriver does not have an error.<br/>    <br/>        :Args:<br/>         - response - The JSON response from the WebDriver server as a dictionary<br/>           object.<br/>    <br/>        :Raises: If the response contains an error message.<br/>        &quot;&quot;&quot;<br/>        status = response.get(&#x27;status&#x27;, None)<br/>        if status is None or status == ErrorCode.SUCCESS:<br/>            return<br/>        value = None<br/>        message = response.get(&quot;message&quot;, &quot;&quot;)<br/>        screen = response.get(&quot;screen&quot;, &quot;&quot;)<br/>        stacktrace = None<br/>        if isinstance(status, int):<br/>            value_json = response.get(&#x27;value&#x27;, None)<br/>            if value_json and isinstance(value_json, basestring):<br/>                import json<br/>                try:<br/>                    value = json.loads(value_json)<br/>                    if len(value.keys()) == 1:<br/>                        value = value[&#x27;value&#x27;]<br/>                    status = value.get(&#x27;error&#x27;, None)<br/>                    if status is None:<br/>                        status = value[&quot;status&quot;]<br/>                        message = value[&quot;value&quot;]<br/>                        if not isinstance(message, basestring):<br/>                            value = message<br/>                            message = message.get(&#x27;message&#x27;)<br/>                    else:<br/>                        message = value.get(&#x27;message&#x27;, None)<br/>                except ValueError:<br/>                    pass<br/>    <br/>        exception_class = ErrorInResponseException<br/>        if status in ErrorCode.NO_SUCH_ELEMENT:<br/>            exception_class = NoSuchElementException<br/>        elif status in ErrorCode.NO_SUCH_FRAME:<br/>            exception_class = NoSuchFrameException<br/>        elif status in ErrorCode.NO_SUCH_WINDOW:<br/>            exception_class = NoSuchWindowException<br/>        elif status in ErrorCode.STALE_ELEMENT_REFERENCE:<br/>            exception_class = StaleElementReferenceException<br/>        elif status in ErrorCode.ELEMENT_NOT_VISIBLE:<br/>            exception_class = ElementNotVisibleException<br/>        elif status in ErrorCode.INVALID_ELEMENT_STATE:<br/>            exception_class = InvalidElementStateException<br/>        elif status in ErrorCode.INVALID_SELECTOR \<br/>                or status in ErrorCode.INVALID_XPATH_SELECTOR \<br/>                or status in ErrorCode.INVALID_XPATH_SELECTOR_RETURN_TYPER:<br/>            exception_class = InvalidSelectorException<br/>        elif status in ErrorCode.ELEMENT_IS_NOT_SELECTABLE:<br/>            exception_class = ElementNotSelectableException<br/>        elif status in ErrorCode.ELEMENT_NOT_INTERACTABLE:<br/>            exception_class = ElementNotInteractableException<br/>        elif status in ErrorCode.INVALID_COOKIE_DOMAIN:<br/>            exception_class = InvalidCookieDomainException<br/>        elif status in ErrorCode.UNABLE_TO_SET_COOKIE:<br/>            exception_class = UnableToSetCookieException<br/>        elif status in ErrorCode.TIMEOUT:<br/>            exception_class = TimeoutException<br/>        elif status in ErrorCode.SCRIPT_TIMEOUT:<br/>            exception_class = TimeoutException<br/>        elif status in ErrorCode.UNKNOWN_ERROR:<br/>            exception_class = WebDriverException<br/>        elif status in ErrorCode.UNEXPECTED_ALERT_OPEN:<br/>            exception_class = UnexpectedAlertPresentException<br/>        elif status in ErrorCode.NO_ALERT_OPEN:<br/>            exception_class = NoAlertPresentException<br/>        elif status in ErrorCode.IME_NOT_AVAILABLE:<br/>            exception_class = ImeNotAvailableException<br/>        elif status in ErrorCode.IME_ENGINE_ACTIVATION_FAILED:<br/>            exception_class = ImeActivationFailedException<br/>        elif status in ErrorCode.MOVE_TARGET_OUT_OF_BOUNDS:<br/>            exception_class = MoveTargetOutOfBoundsException<br/>        elif status in ErrorCode.JAVASCRIPT_ERROR:<br/>            exception_class = JavascriptException<br/>        elif status in ErrorCode.SESSION_NOT_CREATED:<br/>            exception_class = SessionNotCreatedException<br/>        elif status in ErrorCode.INVALID_ARGUMENT:<br/>            exception_class = InvalidArgumentException<br/>        elif status in ErrorCode.NO_SUCH_COOKIE:<br/>            exception_class = NoSuchCookieException<br/>        elif status in ErrorCode.UNABLE_TO_CAPTURE_SCREEN:<br/>            exception_class = ScreenshotException<br/>        elif status in ErrorCode.ELEMENT_CLICK_INTERCEPTED:<br/>            exception_class = ElementClickInterceptedException<br/>        elif status in ErrorCode.INSECURE_CERTIFICATE:<br/>            exception_class = InsecureCertificateException<br/>        elif status in ErrorCode.INVALID_COORDINATES:<br/>            exception_class = InvalidCoordinatesException<br/>        elif status in ErrorCode.INVALID_SESSION_ID:<br/>            exception_class = InvalidSessionIdException<br/>        elif status in ErrorCode.UNKNOWN_METHOD:<br/>            exception_class = UnknownMethodException<br/>        else:<br/>            exception_class = WebDriverException<br/>        if value == &#x27;&#x27; or value is None:<br/>            value = response[&#x27;value&#x27;]<br/>        if isinstance(value, basestring):<br/>            if exception_class == ErrorInResponseException:<br/>                raise exception_class(response, value)<br/>            raise exception_class(value)<br/>        if message == &quot;&quot; and &#x27;message&#x27; in value:<br/>            message = value[&#x27;message&#x27;]<br/>    <br/>        screen = None<br/>        if &#x27;screen&#x27; in value:<br/>            screen = value[&#x27;screen&#x27;]<br/>    <br/>        stacktrace = None<br/>        if &#x27;stackTrace&#x27; in value and value[&#x27;stackTrace&#x27;]:<br/>            stacktrace = []<br/>            try:<br/>                for frame in value[&#x27;stackTrace&#x27;]:<br/>                    line = self._value_or_default(frame, &#x27;lineNumber&#x27;, &#x27;&#x27;)<br/>                    file = self._value_or_default(frame, &#x27;fileName&#x27;, &#x27;&lt;anonymous&gt;&#x27;)<br/>                    if line:<br/>                        file = &quot;%s:%s&quot; % (file, line)<br/>                    meth = self._value_or_default(frame, &#x27;methodName&#x27;, &#x27;&lt;anonymous&gt;&#x27;)<br/>                    if &#x27;className&#x27; in frame:<br/>                        meth = &quot;%s.%s&quot; % (frame[&#x27;className&#x27;], meth)<br/>                    msg = &quot;    at %s (%s)&quot;<br/>                    msg = msg % (meth, file)<br/>                    stacktrace.append(msg)<br/>            except TypeError:<br/>                pass<br/>        if exception_class == ErrorInResponseException:<br/>            raise exception_class(response, message)<br/>        elif exception_class == UnexpectedAlertPresentException:<br/>            alert_text = None<br/>            if &#x27;data&#x27; in value:<br/>                alert_text = value[&#x27;data&#x27;].get(&#x27;text&#x27;)<br/>            elif &#x27;alert&#x27; in value:<br/>                alert_text = value[&#x27;alert&#x27;].get(&#x27;text&#x27;)<br/>            raise exception_class(message, screen, stacktrace, alert_text)<br/>&gt;       raise exception_class(message, screen, stacktrace)<br/><span class="error">E       selenium.common.exceptions.WebDriverException: Message: An unknown server-side error occurred while processing the command. Original error: Could not find &#x27;aapt.exe&#x27; in [&quot;C:\\Program Files\\adt-bundle-windows\\sdk\\platform-tools\\aapt.exe&quot;,&quot;C:\\Program Files\\adt-bundle-windows\\sdk\\emulator\\aapt.exe&quot;,&quot;C:\\Program Files\\adt-bundle-windows\\sdk\\tools\\aapt.exe&quot;,&quot;C:\\Program Files\\adt-bundle-windows\\sdk\\tools\\bin\\aapt.exe&quot;,&quot;C:\\Program Files\\adt-bundle-windows\\sdk\\build-tools\\libbcinfo.dll\\aapt.exe&quot;,&quot;C:\\Program Files\\adt-bundle-windows\\sdk\\build-tools\\aapt.exe\\aapt.exe&quot;,&quot;C:\\Program Files\\adt-bundle-windows\\sdk\\build-tools\\aarch64-linux-android-ld.exe\\aapt.exe&quot;,&quot;C:\\Program Files\\adt-bundle-windows\\sdk\\build-tools\\aidl.exe\\aapt.exe&quot;,&quot;C:\\Program Files\\adt-bundle-windows\\sdk\\build-tools\\apksigner.bat\\aapt.exe&quot;,&quot;C:\\Program Files\\adt-bundle-windows\\sdk\\build-tools\\arm-linux-androideabi-ld.exe\\aapt.exe&quot;,&quot;C:\\Program Files\\adt-bundle-windows\\sdk\\build-tools\\bcc_compat.exe\\aapt.exe&quot;,&quot;C:\\Program Files\\adt-bundle-windows\\sdk\\build-tools\\x86_64-linux-android-ld.exe\\aapt.exe&quot;,&quot;C:\\Program Files\\adt-bundle-windows\\sdk\\build-tools\\d8.bat\\aapt.exe&quot;,&quot;C:\\Program Files\\adt-bundle-windows\\sdk\\build-tools\\dexdump.exe\\aapt.exe&quot;,&quot;C:\\Program Files\\adt-bundle-windows\\sdk\\build-tools\\dx.bat\\aapt.exe&quot;,&quot;C:\\Program Files\\adt-bundle-windows\\sdk\\build-tools\\i686-linux-android-ld.exe\\aapt.exe&quot;,&quot;C:\\Program Files\\adt-bundle-windows\\sdk\\build-tools\\split-select.exe\\aapt.exe&quot;,&quot;C:\\Program Files\\adt-bundle-windows\\sdk\\build-tools\\lib64\\aapt.exe&quot;,&quot;C:\\Program Files\\adt-bundle-windows\\sdk\\build-tools\\libaapt2_jni.dll\\aapt.exe&quot;,&quot;C:\\Program Files\\adt-bundle-windows\\sdk\\build-tools\\libbcc.dll\\aapt.exe&quot;,&quot;C:\\Program Files\\adt-bundle-windows\\sdk\\build-tools\\aapt2.exe\\aapt.exe&quot;,&quot;C:\\Program Files\\adt-bundle-windows\\sdk\\build-tools\\libclang_android.dll\\aapt.exe&quot;,&quot;C:\\Program Files\\adt-bundle-windows\\sdk\\build-tools\\libLLVM_android.dll\\aapt.exe&quot;,&quot;C:\\Program Files\\adt-bundle-windows\\sdk\\build-tools\\libwinpthread-1.dll\\aapt.exe&quot;,&quot;C:\\Program Files\\adt-bundle-windows\\sdk\\build-tools\\llvm-rs-cc.exe\\aapt.exe&quot;,&quot;C:\\Program Files\\adt-bundle-windows\\sdk\\build-tools\\mipsel-linux-android-ld.exe\\aapt.exe&quot;,&quot;C:\\Program Files\\adt-bundle-windows\\sdk\\build-tools\\mainDexClasses.bat\\aapt.exe&quot;,&quot;C:\\Program Files\\adt-bundle-windows\\sdk\\build-tools\\zipalign.exe\\aapt.exe&quot;,&quot;C:\\Program Files\\adt-bundle-windows\\sdk\\build-tools\\mainDexClasses.rules\\aapt.exe&quot;,&quot;C:\\Program Files\\adt-bundle-windows\\sdk\\build-tools\\mainDexClassesNoAapt.rules\\aapt.exe&quot;,&quot;C:\\Program Files\\adt-bundle-windows\\sdk\\build-tools\\mainDexClasses\\aapt.exe&quot;,&quot;C:\\Program Files\\adt-bundle-windows\\sdk\\build-tools\\NOTICE.txt\\aapt.exe&quot;,&quot;C:\\Program Files\\adt-bundle-windows\\sdk\\build-tools\\renderscript\\aapt.exe&quot;,&quot;C:\\Program Files\\adt-bundle-windows\\sdk\\build-tools\\runtime.properties\\aapt.exe&quot;,&quot;C:\\Program Files\\adt-bundle-windows\\sdk\\build-tools\\source.properties\\aapt.exe&quot;,&quot;C:\\Program Files\\adt-bundle-windows\\sdk\\build-tools\\lib\\aapt.exe&quot;,&quot;C:\\Program Files\\adt-bundle-windows\\sdk\\build-tools\\core-lambda-stubs.jar\\aapt.exe&quot;]. Do you have Android Build Tools installed at &#x27;C:\Program Files\adt-bundle-windows\sdk&#x27;?</span><br/><br/>C:\Python37\lib\site-packages\selenium\webdriver\remote\errorhandler.py:242: WebDriverException<br/></div></td></tr></tbody>
      <tbody class="error results-table-row">
        <tr>
          <td class="col-result">Error</td>
          <td class="col-name">test_cases/test_orderbook.py::TestOrderBook::test_screen_order[data4]::setup</td>
          <td class="col-duration">2.44</td>
          <td class="col-links"></td></tr>
        <tr>
          <td class="extra" colspan="4">
            <div class="log">@pytest.fixture()<br/>    def run_app():<br/>        # 启动参数<br/>&gt;       driver = _base_driver()<br/><br/>test_cases\conftest.py:47: <br/>_ _ _ _ _ _ _ _ _ _ _ _ _ _ _ _ _ _ _ _ _ _ _ _ _ _ _ _ _ _ _ _ _ _ _ _ _ _ _ _<br/>test_cases\conftest.py:89: in _base_driver<br/>    driver = webdriver.Remote(&#x27;http://127.0.0.1:{}/wd/hub&#x27;.format(server_port), desired_caps)<br/>C:\Python37\lib\site-packages\appium\webdriver\webdriver.py:144: in __init__<br/>    proxy<br/>C:\Python37\lib\site-packages\selenium\webdriver\remote\webdriver.py:157: in __init__<br/>    self.start_session(capabilities, browser_profile)<br/>C:\Python37\lib\site-packages\appium\webdriver\webdriver.py:219: in start_session<br/>    response = self.execute(RemoteCommand.NEW_SESSION, parameters)<br/>C:\Python37\lib\site-packages\selenium\webdriver\remote\webdriver.py:321: in execute<br/>    self.error_handler.check_response(response)<br/>_ _ _ _ _ _ _ _ _ _ _ _ _ _ _ _ _ _ _ _ _ _ _ _ _ _ _ _ _ _ _ _ _ _ _ _ _ _ _ _<br/><br/>self = &lt;selenium.webdriver.remote.errorhandler.ErrorHandler object at 0x00000000051EB4E0&gt;<br/>response = {&#x27;status&#x27;: 500, &#x27;value&#x27;: &#x27;{&quot;value&quot;:{&quot;error&quot;:&quot;unknown error&quot;,&quot;message&quot;:&quot;An unknown server-side error occurred while pro...iver\\\\lib\\\\protocol\\\\protocol.js:388:37)\\n    at process._tickCallback (internal/process/next_tick.js:68:7)&quot;}}&#x27;}<br/><br/>    def check_response(self, response):<br/>        &quot;&quot;&quot;<br/>        Checks that a JSON response from the WebDriver does not have an error.<br/>    <br/>        :Args:<br/>         - response - The JSON response from the WebDriver server as a dictionary<br/>           object.<br/>    <br/>        :Raises: If the response contains an error message.<br/>        &quot;&quot;&quot;<br/>        status = response.get(&#x27;status&#x27;, None)<br/>        if status is None or status == ErrorCode.SUCCESS:<br/>            return<br/>        value = None<br/>        message = response.get(&quot;message&quot;, &quot;&quot;)<br/>        screen = response.get(&quot;screen&quot;, &quot;&quot;)<br/>        stacktrace = None<br/>        if isinstance(status, int):<br/>            value_json = response.get(&#x27;value&#x27;, None)<br/>            if value_json and isinstance(value_json, basestring):<br/>                import json<br/>                try:<br/>                    value = json.loads(value_json)<br/>                    if len(value.keys()) == 1:<br/>                        value = value[&#x27;value&#x27;]<br/>                    status = value.get(&#x27;error&#x27;, None)<br/>                    if status is None:<br/>                        status = value[&quot;status&quot;]<br/>                        message = value[&quot;value&quot;]<br/>                        if not isinstance(message, basestring):<br/>                            value = message<br/>                            message = message.get(&#x27;message&#x27;)<br/>                    else:<br/>                        message = value.get(&#x27;message&#x27;, None)<br/>                except ValueError:<br/>                    pass<br/>    <br/>        exception_class = ErrorInResponseException<br/>        if status in ErrorCode.NO_SUCH_ELEMENT:<br/>            exception_class = NoSuchElementException<br/>        elif status in ErrorCode.NO_SUCH_FRAME:<br/>            exception_class = NoSuchFrameException<br/>        elif status in ErrorCode.NO_SUCH_WINDOW:<br/>            exception_class = NoSuchWindowException<br/>        elif status in ErrorCode.STALE_ELEMENT_REFERENCE:<br/>            exception_class = StaleElementReferenceException<br/>        elif status in ErrorCode.ELEMENT_NOT_VISIBLE:<br/>            exception_class = ElementNotVisibleException<br/>        elif status in ErrorCode.INVALID_ELEMENT_STATE:<br/>            exception_class = InvalidElementStateException<br/>        elif status in ErrorCode.INVALID_SELECTOR \<br/>                or status in ErrorCode.INVALID_XPATH_SELECTOR \<br/>                or status in ErrorCode.INVALID_XPATH_SELECTOR_RETURN_TYPER:<br/>            exception_class = InvalidSelectorException<br/>        elif status in ErrorCode.ELEMENT_IS_NOT_SELECTABLE:<br/>            exception_class = ElementNotSelectableException<br/>        elif status in ErrorCode.ELEMENT_NOT_INTERACTABLE:<br/>            exception_class = ElementNotInteractableException<br/>        elif status in ErrorCode.INVALID_COOKIE_DOMAIN:<br/>            exception_class = InvalidCookieDomainException<br/>        elif status in ErrorCode.UNABLE_TO_SET_COOKIE:<br/>            exception_class = UnableToSetCookieException<br/>        elif status in ErrorCode.TIMEOUT:<br/>            exception_class = TimeoutException<br/>        elif status in ErrorCode.SCRIPT_TIMEOUT:<br/>            exception_class = TimeoutException<br/>        elif status in ErrorCode.UNKNOWN_ERROR:<br/>            exception_class = WebDriverException<br/>        elif status in ErrorCode.UNEXPECTED_ALERT_OPEN:<br/>            exception_class = UnexpectedAlertPresentException<br/>        elif status in ErrorCode.NO_ALERT_OPEN:<br/>            exception_class = NoAlertPresentException<br/>        elif status in ErrorCode.IME_NOT_AVAILABLE:<br/>            exception_class = ImeNotAvailableException<br/>        elif status in ErrorCode.IME_ENGINE_ACTIVATION_FAILED:<br/>            exception_class = ImeActivationFailedException<br/>        elif status in ErrorCode.MOVE_TARGET_OUT_OF_BOUNDS:<br/>            exception_class = MoveTargetOutOfBoundsException<br/>        elif status in ErrorCode.JAVASCRIPT_ERROR:<br/>            exception_class = JavascriptException<br/>        elif status in ErrorCode.SESSION_NOT_CREATED:<br/>            exception_class = SessionNotCreatedException<br/>        elif status in ErrorCode.INVALID_ARGUMENT:<br/>            exception_class = InvalidArgumentException<br/>        elif status in ErrorCode.NO_SUCH_COOKIE:<br/>            exception_class = NoSuchCookieException<br/>        elif status in ErrorCode.UNABLE_TO_CAPTURE_SCREEN:<br/>            exception_class = ScreenshotException<br/>        elif status in ErrorCode.ELEMENT_CLICK_INTERCEPTED:<br/>            exception_class = ElementClickInterceptedException<br/>        elif status in ErrorCode.INSECURE_CERTIFICATE:<br/>            exception_class = InsecureCertificateException<br/>        elif status in ErrorCode.INVALID_COORDINATES:<br/>            exception_class = InvalidCoordinatesException<br/>        elif status in ErrorCode.INVALID_SESSION_ID:<br/>            exception_class = InvalidSessionIdException<br/>        elif status in ErrorCode.UNKNOWN_METHOD:<br/>            exception_class = UnknownMethodException<br/>        else:<br/>            exception_class = WebDriverException<br/>        if value == &#x27;&#x27; or value is None:<br/>            value = response[&#x27;value&#x27;]<br/>        if isinstance(value, basestring):<br/>            if exception_class == ErrorInResponseException:<br/>                raise exception_class(response, value)<br/>            raise exception_class(value)<br/>        if message == &quot;&quot; and &#x27;message&#x27; in value:<br/>            message = value[&#x27;message&#x27;]<br/>    <br/>        screen = None<br/>        if &#x27;screen&#x27; in value:<br/>            screen = value[&#x27;screen&#x27;]<br/>    <br/>        stacktrace = None<br/>        if &#x27;stackTrace&#x27; in value and value[&#x27;stackTrace&#x27;]:<br/>            stacktrace = []<br/>            try:<br/>                for frame in value[&#x27;stackTrace&#x27;]:<br/>                    line = self._value_or_default(frame, &#x27;lineNumber&#x27;, &#x27;&#x27;)<br/>                    file = self._value_or_default(frame, &#x27;fileName&#x27;, &#x27;&lt;anonymous&gt;&#x27;)<br/>                    if line:<br/>                        file = &quot;%s:%s&quot; % (file, line)<br/>                    meth = self._value_or_default(frame, &#x27;methodName&#x27;, &#x27;&lt;anonymous&gt;&#x27;)<br/>                    if &#x27;className&#x27; in frame:<br/>                        meth = &quot;%s.%s&quot; % (frame[&#x27;className&#x27;], meth)<br/>                    msg = &quot;    at %s (%s)&quot;<br/>                    msg = msg % (meth, file)<br/>                    stacktrace.append(msg)<br/>            except TypeError:<br/>                pass<br/>        if exception_class == ErrorInResponseException:<br/>            raise exception_class(response, message)<br/>        elif exception_class == UnexpectedAlertPresentException:<br/>            alert_text = None<br/>            if &#x27;data&#x27; in value:<br/>                alert_text = value[&#x27;data&#x27;].get(&#x27;text&#x27;)<br/>            elif &#x27;alert&#x27; in value:<br/>                alert_text = value[&#x27;alert&#x27;].get(&#x27;text&#x27;)<br/>            raise exception_class(message, screen, stacktrace, alert_text)<br/>&gt;       raise exception_class(message, screen, stacktrace)<br/><span class="error">E       selenium.common.exceptions.WebDriverException: Message: An unknown server-side error occurred while processing the command. Original error: Could not find &#x27;aapt.exe&#x27; in [&quot;C:\\Program Files\\adt-bundle-windows\\sdk\\platform-tools\\aapt.exe&quot;,&quot;C:\\Program Files\\adt-bundle-windows\\sdk\\emulator\\aapt.exe&quot;,&quot;C:\\Program Files\\adt-bundle-windows\\sdk\\tools\\aapt.exe&quot;,&quot;C:\\Program Files\\adt-bundle-windows\\sdk\\tools\\bin\\aapt.exe&quot;,&quot;C:\\Program Files\\adt-bundle-windows\\sdk\\build-tools\\libbcinfo.dll\\aapt.exe&quot;,&quot;C:\\Program Files\\adt-bundle-windows\\sdk\\build-tools\\aapt.exe\\aapt.exe&quot;,&quot;C:\\Program Files\\adt-bundle-windows\\sdk\\build-tools\\aarch64-linux-android-ld.exe\\aapt.exe&quot;,&quot;C:\\Program Files\\adt-bundle-windows\\sdk\\build-tools\\aidl.exe\\aapt.exe&quot;,&quot;C:\\Program Files\\adt-bundle-windows\\sdk\\build-tools\\apksigner.bat\\aapt.exe&quot;,&quot;C:\\Program Files\\adt-bundle-windows\\sdk\\build-tools\\arm-linux-androideabi-ld.exe\\aapt.exe&quot;,&quot;C:\\Program Files\\adt-bundle-windows\\sdk\\build-tools\\bcc_compat.exe\\aapt.exe&quot;,&quot;C:\\Program Files\\adt-bundle-windows\\sdk\\build-tools\\x86_64-linux-android-ld.exe\\aapt.exe&quot;,&quot;C:\\Program Files\\adt-bundle-windows\\sdk\\build-tools\\d8.bat\\aapt.exe&quot;,&quot;C:\\Program Files\\adt-bundle-windows\\sdk\\build-tools\\dexdump.exe\\aapt.exe&quot;,&quot;C:\\Program Files\\adt-bundle-windows\\sdk\\build-tools\\dx.bat\\aapt.exe&quot;,&quot;C:\\Program Files\\adt-bundle-windows\\sdk\\build-tools\\i686-linux-android-ld.exe\\aapt.exe&quot;,&quot;C:\\Program Files\\adt-bundle-windows\\sdk\\build-tools\\split-select.exe\\aapt.exe&quot;,&quot;C:\\Program Files\\adt-bundle-windows\\sdk\\build-tools\\lib64\\aapt.exe&quot;,&quot;C:\\Program Files\\adt-bundle-windows\\sdk\\build-tools\\libaapt2_jni.dll\\aapt.exe&quot;,&quot;C:\\Program Files\\adt-bundle-windows\\sdk\\build-tools\\libbcc.dll\\aapt.exe&quot;,&quot;C:\\Program Files\\adt-bundle-windows\\sdk\\build-tools\\aapt2.exe\\aapt.exe&quot;,&quot;C:\\Program Files\\adt-bundle-windows\\sdk\\build-tools\\libclang_android.dll\\aapt.exe&quot;,&quot;C:\\Program Files\\adt-bundle-windows\\sdk\\build-tools\\libLLVM_android.dll\\aapt.exe&quot;,&quot;C:\\Program Files\\adt-bundle-windows\\sdk\\build-tools\\libwinpthread-1.dll\\aapt.exe&quot;,&quot;C:\\Program Files\\adt-bundle-windows\\sdk\\build-tools\\llvm-rs-cc.exe\\aapt.exe&quot;,&quot;C:\\Program Files\\adt-bundle-windows\\sdk\\build-tools\\mipsel-linux-android-ld.exe\\aapt.exe&quot;,&quot;C:\\Program Files\\adt-bundle-windows\\sdk\\build-tools\\mainDexClasses.bat\\aapt.exe&quot;,&quot;C:\\Program Files\\adt-bundle-windows\\sdk\\build-tools\\zipalign.exe\\aapt.exe&quot;,&quot;C:\\Program Files\\adt-bundle-windows\\sdk\\build-tools\\mainDexClasses.rules\\aapt.exe&quot;,&quot;C:\\Program Files\\adt-bundle-windows\\sdk\\build-tools\\mainDexClassesNoAapt.rules\\aapt.exe&quot;,&quot;C:\\Program Files\\adt-bundle-windows\\sdk\\build-tools\\mainDexClasses\\aapt.exe&quot;,&quot;C:\\Program Files\\adt-bundle-windows\\sdk\\build-tools\\NOTICE.txt\\aapt.exe&quot;,&quot;C:\\Program Files\\adt-bundle-windows\\sdk\\build-tools\\renderscript\\aapt.exe&quot;,&quot;C:\\Program Files\\adt-bundle-windows\\sdk\\build-tools\\runtime.properties\\aapt.exe&quot;,&quot;C:\\Program Files\\adt-bundle-windows\\sdk\\build-tools\\source.properties\\aapt.exe&quot;,&quot;C:\\Program Files\\adt-bundle-windows\\sdk\\build-tools\\lib\\aapt.exe&quot;,&quot;C:\\Program Files\\adt-bundle-windows\\sdk\\build-tools\\core-lambda-stubs.jar\\aapt.exe&quot;]. Do you have Android Build Tools installed at &#x27;C:\Program Files\adt-bundle-windows\sdk&#x27;?</span><br/><br/>C:\Python37\lib\site-packages\selenium\webdriver\remote\errorhandler.py:242: WebDriverException<br/></div></td></tr></tbody>
      <tbody class="error results-table-row">
        <tr>
          <td class="col-result">Error</td>
          <td class="col-name">test_cases/test_orderbook.py::TestOrderBook::test_screen_order[data5]::setup</td>
          <td class="col-duration">2.38</td>
          <td class="col-links"></td></tr>
        <tr>
          <td class="extra" colspan="4">
            <div class="log">@pytest.fixture()<br/>    def run_app():<br/>        # 启动参数<br/>&gt;       driver = _base_driver()<br/><br/>test_cases\conftest.py:47: <br/>_ _ _ _ _ _ _ _ _ _ _ _ _ _ _ _ _ _ _ _ _ _ _ _ _ _ _ _ _ _ _ _ _ _ _ _ _ _ _ _<br/>test_cases\conftest.py:89: in _base_driver<br/>    driver = webdriver.Remote(&#x27;http://127.0.0.1:{}/wd/hub&#x27;.format(server_port), desired_caps)<br/>C:\Python37\lib\site-packages\appium\webdriver\webdriver.py:144: in __init__<br/>    proxy<br/>C:\Python37\lib\site-packages\selenium\webdriver\remote\webdriver.py:157: in __init__<br/>    self.start_session(capabilities, browser_profile)<br/>C:\Python37\lib\site-packages\appium\webdriver\webdriver.py:219: in start_session<br/>    response = self.execute(RemoteCommand.NEW_SESSION, parameters)<br/>C:\Python37\lib\site-packages\selenium\webdriver\remote\webdriver.py:321: in execute<br/>    self.error_handler.check_response(response)<br/>_ _ _ _ _ _ _ _ _ _ _ _ _ _ _ _ _ _ _ _ _ _ _ _ _ _ _ _ _ _ _ _ _ _ _ _ _ _ _ _<br/><br/>self = &lt;selenium.webdriver.remote.errorhandler.ErrorHandler object at 0x0000000004F50A58&gt;<br/>response = {&#x27;status&#x27;: 500, &#x27;value&#x27;: &#x27;{&quot;value&quot;:{&quot;error&quot;:&quot;unknown error&quot;,&quot;message&quot;:&quot;An unknown server-side error occurred while pro...iver\\\\lib\\\\protocol\\\\protocol.js:388:37)\\n    at process._tickCallback (internal/process/next_tick.js:68:7)&quot;}}&#x27;}<br/><br/>    def check_response(self, response):<br/>        &quot;&quot;&quot;<br/>        Checks that a JSON response from the WebDriver does not have an error.<br/>    <br/>        :Args:<br/>         - response - The JSON response from the WebDriver server as a dictionary<br/>           object.<br/>    <br/>        :Raises: If the response contains an error message.<br/>        &quot;&quot;&quot;<br/>        status = response.get(&#x27;status&#x27;, None)<br/>        if status is None or status == ErrorCode.SUCCESS:<br/>            return<br/>        value = None<br/>        message = response.get(&quot;message&quot;, &quot;&quot;)<br/>        screen = response.get(&quot;screen&quot;, &quot;&quot;)<br/>        stacktrace = None<br/>        if isinstance(status, int):<br/>            value_json = response.get(&#x27;value&#x27;, None)<br/>            if value_json and isinstance(value_json, basestring):<br/>                import json<br/>                try:<br/>                    value = json.loads(value_json)<br/>                    if len(value.keys()) == 1:<br/>                        value = value[&#x27;value&#x27;]<br/>                    status = value.get(&#x27;error&#x27;, None)<br/>                    if status is None:<br/>                        status = value[&quot;status&quot;]<br/>                        message = value[&quot;value&quot;]<br/>                        if not isinstance(message, basestring):<br/>                            value = message<br/>                            message = message.get(&#x27;message&#x27;)<br/>                    else:<br/>                        message = value.get(&#x27;message&#x27;, None)<br/>                except ValueError:<br/>                    pass<br/>    <br/>        exception_class = ErrorInResponseException<br/>        if status in ErrorCode.NO_SUCH_ELEMENT:<br/>            exception_class = NoSuchElementException<br/>        elif status in ErrorCode.NO_SUCH_FRAME:<br/>            exception_class = NoSuchFrameException<br/>        elif status in ErrorCode.NO_SUCH_WINDOW:<br/>            exception_class = NoSuchWindowException<br/>        elif status in ErrorCode.STALE_ELEMENT_REFERENCE:<br/>            exception_class = StaleElementReferenceException<br/>        elif status in ErrorCode.ELEMENT_NOT_VISIBLE:<br/>            exception_class = ElementNotVisibleException<br/>        elif status in ErrorCode.INVALID_ELEMENT_STATE:<br/>            exception_class = InvalidElementStateException<br/>        elif status in ErrorCode.INVALID_SELECTOR \<br/>                or status in ErrorCode.INVALID_XPATH_SELECTOR \<br/>                or status in ErrorCode.INVALID_XPATH_SELECTOR_RETURN_TYPER:<br/>            exception_class = InvalidSelectorException<br/>        elif status in ErrorCode.ELEMENT_IS_NOT_SELECTABLE:<br/>            exception_class = ElementNotSelectableException<br/>        elif status in ErrorCode.ELEMENT_NOT_INTERACTABLE:<br/>            exception_class = ElementNotInteractableException<br/>        elif status in ErrorCode.INVALID_COOKIE_DOMAIN:<br/>            exception_class = InvalidCookieDomainException<br/>        elif status in ErrorCode.UNABLE_TO_SET_COOKIE:<br/>            exception_class = UnableToSetCookieException<br/>        elif status in ErrorCode.TIMEOUT:<br/>            exception_class = TimeoutException<br/>        elif status in ErrorCode.SCRIPT_TIMEOUT:<br/>            exception_class = TimeoutException<br/>        elif status in ErrorCode.UNKNOWN_ERROR:<br/>            exception_class = WebDriverException<br/>        elif status in ErrorCode.UNEXPECTED_ALERT_OPEN:<br/>            exception_class = UnexpectedAlertPresentException<br/>        elif status in ErrorCode.NO_ALERT_OPEN:<br/>            exception_class = NoAlertPresentException<br/>        elif status in ErrorCode.IME_NOT_AVAILABLE:<br/>            exception_class = ImeNotAvailableException<br/>        elif status in ErrorCode.IME_ENGINE_ACTIVATION_FAILED:<br/>            exception_class = ImeActivationFailedException<br/>        elif status in ErrorCode.MOVE_TARGET_OUT_OF_BOUNDS:<br/>            exception_class = MoveTargetOutOfBoundsException<br/>        elif status in ErrorCode.JAVASCRIPT_ERROR:<br/>            exception_class = JavascriptException<br/>        elif status in ErrorCode.SESSION_NOT_CREATED:<br/>            exception_class = SessionNotCreatedException<br/>        elif status in ErrorCode.INVALID_ARGUMENT:<br/>            exception_class = InvalidArgumentException<br/>        elif status in ErrorCode.NO_SUCH_COOKIE:<br/>            exception_class = NoSuchCookieException<br/>        elif status in ErrorCode.UNABLE_TO_CAPTURE_SCREEN:<br/>            exception_class = ScreenshotException<br/>        elif status in ErrorCode.ELEMENT_CLICK_INTERCEPTED:<br/>            exception_class = ElementClickInterceptedException<br/>        elif status in ErrorCode.INSECURE_CERTIFICATE:<br/>            exception_class = InsecureCertificateException<br/>        elif status in ErrorCode.INVALID_COORDINATES:<br/>            exception_class = InvalidCoordinatesException<br/>        elif status in ErrorCode.INVALID_SESSION_ID:<br/>            exception_class = InvalidSessionIdException<br/>        elif status in ErrorCode.UNKNOWN_METHOD:<br/>            exception_class = UnknownMethodException<br/>        else:<br/>            exception_class = WebDriverException<br/>        if value == &#x27;&#x27; or value is None:<br/>            value = response[&#x27;value&#x27;]<br/>        if isinstance(value, basestring):<br/>            if exception_class == ErrorInResponseException:<br/>                raise exception_class(response, value)<br/>            raise exception_class(value)<br/>        if message == &quot;&quot; and &#x27;message&#x27; in value:<br/>            message = value[&#x27;message&#x27;]<br/>    <br/>        screen = None<br/>        if &#x27;screen&#x27; in value:<br/>            screen = value[&#x27;screen&#x27;]<br/>    <br/>        stacktrace = None<br/>        if &#x27;stackTrace&#x27; in value and value[&#x27;stackTrace&#x27;]:<br/>            stacktrace = []<br/>            try:<br/>                for frame in value[&#x27;stackTrace&#x27;]:<br/>                    line = self._value_or_default(frame, &#x27;lineNumber&#x27;, &#x27;&#x27;)<br/>                    file = self._value_or_default(frame, &#x27;fileName&#x27;, &#x27;&lt;anonymous&gt;&#x27;)<br/>                    if line:<br/>                        file = &quot;%s:%s&quot; % (file, line)<br/>                    meth = self._value_or_default(frame, &#x27;methodName&#x27;, &#x27;&lt;anonymous&gt;&#x27;)<br/>                    if &#x27;className&#x27; in frame:<br/>                        meth = &quot;%s.%s&quot; % (frame[&#x27;className&#x27;], meth)<br/>                    msg = &quot;    at %s (%s)&quot;<br/>                    msg = msg % (meth, file)<br/>                    stacktrace.append(msg)<br/>            except TypeError:<br/>                pass<br/>        if exception_class == ErrorInResponseException:<br/>            raise exception_class(response, message)<br/>        elif exception_class == UnexpectedAlertPresentException:<br/>            alert_text = None<br/>            if &#x27;data&#x27; in value:<br/>                alert_text = value[&#x27;data&#x27;].get(&#x27;text&#x27;)<br/>            elif &#x27;alert&#x27; in value:<br/>                alert_text = value[&#x27;alert&#x27;].get(&#x27;text&#x27;)<br/>            raise exception_class(message, screen, stacktrace, alert_text)<br/>&gt;       raise exception_class(message, screen, stacktrace)<br/><span class="error">E       selenium.common.exceptions.WebDriverException: Message: An unknown server-side error occurred while processing the command. Original error: Could not find &#x27;aapt.exe&#x27; in [&quot;C:\\Program Files\\adt-bundle-windows\\sdk\\platform-tools\\aapt.exe&quot;,&quot;C:\\Program Files\\adt-bundle-windows\\sdk\\emulator\\aapt.exe&quot;,&quot;C:\\Program Files\\adt-bundle-windows\\sdk\\tools\\aapt.exe&quot;,&quot;C:\\Program Files\\adt-bundle-windows\\sdk\\tools\\bin\\aapt.exe&quot;,&quot;C:\\Program Files\\adt-bundle-windows\\sdk\\build-tools\\libbcinfo.dll\\aapt.exe&quot;,&quot;C:\\Program Files\\adt-bundle-windows\\sdk\\build-tools\\aapt.exe\\aapt.exe&quot;,&quot;C:\\Program Files\\adt-bundle-windows\\sdk\\build-tools\\aarch64-linux-android-ld.exe\\aapt.exe&quot;,&quot;C:\\Program Files\\adt-bundle-windows\\sdk\\build-tools\\aidl.exe\\aapt.exe&quot;,&quot;C:\\Program Files\\adt-bundle-windows\\sdk\\build-tools\\apksigner.bat\\aapt.exe&quot;,&quot;C:\\Program Files\\adt-bundle-windows\\sdk\\build-tools\\arm-linux-androideabi-ld.exe\\aapt.exe&quot;,&quot;C:\\Program Files\\adt-bundle-windows\\sdk\\build-tools\\bcc_compat.exe\\aapt.exe&quot;,&quot;C:\\Program Files\\adt-bundle-windows\\sdk\\build-tools\\x86_64-linux-android-ld.exe\\aapt.exe&quot;,&quot;C:\\Program Files\\adt-bundle-windows\\sdk\\build-tools\\d8.bat\\aapt.exe&quot;,&quot;C:\\Program Files\\adt-bundle-windows\\sdk\\build-tools\\dexdump.exe\\aapt.exe&quot;,&quot;C:\\Program Files\\adt-bundle-windows\\sdk\\build-tools\\dx.bat\\aapt.exe&quot;,&quot;C:\\Program Files\\adt-bundle-windows\\sdk\\build-tools\\i686-linux-android-ld.exe\\aapt.exe&quot;,&quot;C:\\Program Files\\adt-bundle-windows\\sdk\\build-tools\\split-select.exe\\aapt.exe&quot;,&quot;C:\\Program Files\\adt-bundle-windows\\sdk\\build-tools\\lib64\\aapt.exe&quot;,&quot;C:\\Program Files\\adt-bundle-windows\\sdk\\build-tools\\libaapt2_jni.dll\\aapt.exe&quot;,&quot;C:\\Program Files\\adt-bundle-windows\\sdk\\build-tools\\libbcc.dll\\aapt.exe&quot;,&quot;C:\\Program Files\\adt-bundle-windows\\sdk\\build-tools\\aapt2.exe\\aapt.exe&quot;,&quot;C:\\Program Files\\adt-bundle-windows\\sdk\\build-tools\\libclang_android.dll\\aapt.exe&quot;,&quot;C:\\Program Files\\adt-bundle-windows\\sdk\\build-tools\\libLLVM_android.dll\\aapt.exe&quot;,&quot;C:\\Program Files\\adt-bundle-windows\\sdk\\build-tools\\libwinpthread-1.dll\\aapt.exe&quot;,&quot;C:\\Program Files\\adt-bundle-windows\\sdk\\build-tools\\llvm-rs-cc.exe\\aapt.exe&quot;,&quot;C:\\Program Files\\adt-bundle-windows\\sdk\\build-tools\\mipsel-linux-android-ld.exe\\aapt.exe&quot;,&quot;C:\\Program Files\\adt-bundle-windows\\sdk\\build-tools\\mainDexClasses.bat\\aapt.exe&quot;,&quot;C:\\Program Files\\adt-bundle-windows\\sdk\\build-tools\\zipalign.exe\\aapt.exe&quot;,&quot;C:\\Program Files\\adt-bundle-windows\\sdk\\build-tools\\mainDexClasses.rules\\aapt.exe&quot;,&quot;C:\\Program Files\\adt-bundle-windows\\sdk\\build-tools\\mainDexClassesNoAapt.rules\\aapt.exe&quot;,&quot;C:\\Program Files\\adt-bundle-windows\\sdk\\build-tools\\mainDexClasses\\aapt.exe&quot;,&quot;C:\\Program Files\\adt-bundle-windows\\sdk\\build-tools\\NOTICE.txt\\aapt.exe&quot;,&quot;C:\\Program Files\\adt-bundle-windows\\sdk\\build-tools\\renderscript\\aapt.exe&quot;,&quot;C:\\Program Files\\adt-bundle-windows\\sdk\\build-tools\\runtime.properties\\aapt.exe&quot;,&quot;C:\\Program Files\\adt-bundle-windows\\sdk\\build-tools\\source.properties\\aapt.exe&quot;,&quot;C:\\Program Files\\adt-bundle-windows\\sdk\\build-tools\\lib\\aapt.exe&quot;,&quot;C:\\Program Files\\adt-bundle-windows\\sdk\\build-tools\\core-lambda-stubs.jar\\aapt.exe&quot;]. Do you have Android Build Tools installed at &#x27;C:\Program Files\adt-bundle-windows\sdk&#x27;?</span><br/><br/>C:\Python37\lib\site-packages\selenium\webdriver\remote\errorhandler.py:242: WebDriverException<br/></div></td></tr></tbody>
      <tbody class="failed results-table-row">
        <tr>
          <td class="col-result">Failed</td>
          <td class="col-name">test_cases/test_orderbook.py::TestOrderBook::test_screen_order[data0]</td>
          <td class="col-duration">7.17</td>
          <td class="col-links"></td></tr>
        <tr>
          <td class="extra" colspan="4">
            <div class="log">self = &lt;test_cases.test_orderbook.TestOrderBook object at 0x0000000004D4FDA0&gt;<br/>data = {&#x27;login_phone&#x27;: &#x27;18971335925&#x27;, &#x27;login_pwd&#x27;: &#x27;335925&#x27;, &#x27;main_store_name&#x27;: &#x27;吉野家日式料理店&#x27;, &#x27;status&#x27;: &#x27;全部订单&#x27;, ...}<br/>run_app = &lt;appium.webdriver.webdriver.WebDriver (session=&quot;ad2e6303-963c-468e-8c64-cafa459f3af0&quot;)&gt;<br/><br/>    @pytest.mark.screen<br/>    @pytest.mark.parametrize(&quot;data&quot;, od.screen_data)<br/>    def test_screen_order(self, data, run_app):<br/>        # 执行登录<br/>        # LoginPage(run_app).login_action(data[&quot;login_phone&quot;], data[&quot;login_pwd&quot;])<br/>    <br/>        screen_result = OrderBookPage(run_app).screen_order(login_phone=data[&quot;login_phone&quot;],<br/>                                                            login_pwd=data[&quot;login_pwd&quot;],<br/>                                                            main_store_name=data[&quot;main_store_name&quot;],<br/>                                                            store_name=data[&quot;store_name&quot;],<br/>                                                            store_id=data[&quot;store_id&quot;],<br/>                                                            time_desc=data[&quot;time_desc&quot;],<br/>                                                            time_start=data[&quot;time_start&quot;],<br/>                                                            time_end=data[&quot;time_end&quot;],<br/>                                                            terminal_type=data[&quot;terminal_type&quot;],<br/>                                                            terminal_name=data[&quot;terminal_name&quot;],<br/>                                                            terminal_id=data[&quot;terminal_id&quot;],<br/>                                                            type_source=data[&quot;type_source&quot;],<br/>&gt;                                                           status=data[&quot;status&quot;]<br/>                                                            )<br/><br/>test_cases\test_orderbook.py:80: <br/>_ _ _ _ _ _ _ _ _ _ _ _ _ _ _ _ _ _ _ _ _ _ _ _ _ _ _ _ _ _ _ _ _ _ _ _ _ _ _ _<br/>page_ojbects\orderbook_page.py:520: in screen_order<br/>    self.click_element(loc=Loc.start_time_loc, img_desc=&quot;开始时间&quot;)<br/>common\basepage.py:117: in click_element<br/>    ele = self._deal_element(loc, img_desc, timeout, frequency)<br/>common\basepage.py:105: in _deal_element<br/>    self.wait_ele_visible(loc, img_desc, timeout, frequency)<br/>common\basepage.py:33: in wait_ele_visible<br/>    WebDriverWait(self.driver, timeout, frequency).until(ec.visibility_of_element_located(loc))<br/>C:\Python37\lib\site-packages\selenium\webdriver\support\wait.py:71: in until<br/>    value = method(self._driver)<br/>C:\Python37\lib\site-packages\selenium\webdriver\support\expected_conditions.py:128: in __call__<br/>    return _element_if_visible(_find_element(driver, self.locator))<br/>C:\Python37\lib\site-packages\selenium\webdriver\support\expected_conditions.py:148: in _element_if_visible<br/>    return element if element.is_displayed() == visibility else False<br/>C:\Python37\lib\site-packages\appium\webdriver\webelement.py:75: in is_displayed<br/>    return self._execute(RemoteCommand.IS_ELEMENT_DISPLAYED)[&#x27;value&#x27;]<br/>C:\Python37\lib\site-packages\selenium\webdriver\remote\webelement.py:633: in _execute<br/>    return self._parent.execute(command, params)<br/>C:\Python37\lib\site-packages\selenium\webdriver\remote\webdriver.py:321: in execute<br/>    self.error_handler.check_response(response)<br/>C:\Python37\lib\site-packages\appium\webdriver\errorhandler.py:29: in check_response<br/>    raise wde<br/>C:\Python37\lib\site-packages\appium\webdriver\errorhandler.py:24: in check_response<br/>    super(MobileErrorHandler, self).check_response(response)<br/>_ _ _ _ _ _ _ _ _ _ _ _ _ _ _ _ _ _ _ _ _ _ _ _ _ _ _ _ _ _ _ _ _ _ _ _ _ _ _ _<br/><br/>self = &lt;appium.webdriver.errorhandler.MobileErrorHandler object at 0x0000000004D6BE48&gt;<br/>response = {&#x27;status&#x27;: 500, &#x27;value&#x27;: &#x27;{&quot;value&quot;:{&quot;error&quot;:&quot;unknown error&quot;,&quot;message&quot;:&quot;An unknown server-side error occurred while pro...\\\\app\\\\node_modules\\\\appium\\\\node_modules\\\\appium-base-driver\\\\lib\\\\jsonwp-proxy\\\\proxy.js:261:13)&quot;}}&#x27;}<br/><br/>    def check_response(self, response):<br/>        &quot;&quot;&quot;<br/>        Checks that a JSON response from the WebDriver does not have an error.<br/>    <br/>        :Args:<br/>         - response - The JSON response from the WebDriver server as a dictionary<br/>           object.<br/>    <br/>        :Raises: If the response contains an error message.<br/>        &quot;&quot;&quot;<br/>        status = response.get(&#x27;status&#x27;, None)<br/>        if status is None or status == ErrorCode.SUCCESS:<br/>            return<br/>        value = None<br/>        message = response.get(&quot;message&quot;, &quot;&quot;)<br/>        screen = response.get(&quot;screen&quot;, &quot;&quot;)<br/>        stacktrace = None<br/>        if isinstance(status, int):<br/>            value_json = response.get(&#x27;value&#x27;, None)<br/>            if value_json and isinstance(value_json, basestring):<br/>                import json<br/>                try:<br/>                    value = json.loads(value_json)<br/>                    if len(value.keys()) == 1:<br/>                        value = value[&#x27;value&#x27;]<br/>                    status = value.get(&#x27;error&#x27;, None)<br/>                    if status is None:<br/>                        status = value[&quot;status&quot;]<br/>                        message = value[&quot;value&quot;]<br/>                        if not isinstance(message, basestring):<br/>                            value = message<br/>                            message = message.get(&#x27;message&#x27;)<br/>                    else:<br/>                        message = value.get(&#x27;message&#x27;, None)<br/>                except ValueError:<br/>                    pass<br/>    <br/>        exception_class = ErrorInResponseException<br/>        if status in ErrorCode.NO_SUCH_ELEMENT:<br/>            exception_class = NoSuchElementException<br/>        elif status in ErrorCode.NO_SUCH_FRAME:<br/>            exception_class = NoSuchFrameException<br/>        elif status in ErrorCode.NO_SUCH_WINDOW:<br/>            exception_class = NoSuchWindowException<br/>        elif status in ErrorCode.STALE_ELEMENT_REFERENCE:<br/>            exception_class = StaleElementReferenceException<br/>        elif status in ErrorCode.ELEMENT_NOT_VISIBLE:<br/>            exception_class = ElementNotVisibleException<br/>        elif status in ErrorCode.INVALID_ELEMENT_STATE:<br/>            exception_class = InvalidElementStateException<br/>        elif status in ErrorCode.INVALID_SELECTOR \<br/>                or status in ErrorCode.INVALID_XPATH_SELECTOR \<br/>                or status in ErrorCode.INVALID_XPATH_SELECTOR_RETURN_TYPER:<br/>            exception_class = InvalidSelectorException<br/>        elif status in ErrorCode.ELEMENT_IS_NOT_SELECTABLE:<br/>            exception_class = ElementNotSelectableException<br/>        elif status in ErrorCode.ELEMENT_NOT_INTERACTABLE:<br/>            exception_class = ElementNotInteractableException<br/>        elif status in ErrorCode.INVALID_COOKIE_DOMAIN:<br/>            exception_class = InvalidCookieDomainException<br/>        elif status in ErrorCode.UNABLE_TO_SET_COOKIE:<br/>            exception_class = UnableToSetCookieException<br/>        elif status in ErrorCode.TIMEOUT:<br/>            exception_class = TimeoutException<br/>        elif status in ErrorCode.SCRIPT_TIMEOUT:<br/>            exception_class = TimeoutException<br/>        elif status in ErrorCode.UNKNOWN_ERROR:<br/>            exception_class = WebDriverException<br/>        elif status in ErrorCode.UNEXPECTED_ALERT_OPEN:<br/>            exception_class = UnexpectedAlertPresentException<br/>        elif status in ErrorCode.NO_ALERT_OPEN:<br/>            exception_class = NoAlertPresentException<br/>        elif status in ErrorCode.IME_NOT_AVAILABLE:<br/>            exception_class = ImeNotAvailableException<br/>        elif status in ErrorCode.IME_ENGINE_ACTIVATION_FAILED:<br/>            exception_class = ImeActivationFailedException<br/>        elif status in ErrorCode.MOVE_TARGET_OUT_OF_BOUNDS:<br/>            exception_class = MoveTargetOutOfBoundsException<br/>        elif status in ErrorCode.JAVASCRIPT_ERROR:<br/>            exception_class = JavascriptException<br/>        elif status in ErrorCode.SESSION_NOT_CREATED:<br/>            exception_class = SessionNotCreatedException<br/>        elif status in ErrorCode.INVALID_ARGUMENT:<br/>            exception_class = InvalidArgumentException<br/>        elif status in ErrorCode.NO_SUCH_COOKIE:<br/>            exception_class = NoSuchCookieException<br/>        elif status in ErrorCode.UNABLE_TO_CAPTURE_SCREEN:<br/>            exception_class = ScreenshotException<br/>        elif status in ErrorCode.ELEMENT_CLICK_INTERCEPTED:<br/>            exception_class = ElementClickInterceptedException<br/>        elif status in ErrorCode.INSECURE_CERTIFICATE:<br/>            exception_class = InsecureCertificateException<br/>        elif status in ErrorCode.INVALID_COORDINATES:<br/>            exception_class = InvalidCoordinatesException<br/>        elif status in ErrorCode.INVALID_SESSION_ID:<br/>            exception_class = InvalidSessionIdException<br/>        elif status in ErrorCode.UNKNOWN_METHOD:<br/>            exception_class = UnknownMethodException<br/>        else:<br/>            exception_class = WebDriverException<br/>        if value == &#x27;&#x27; or value is None:<br/>            value = response[&#x27;value&#x27;]<br/>        if isinstance(value, basestring):<br/>            if exception_class == ErrorInResponseException:<br/>                raise exception_class(response, value)<br/>            raise exception_class(value)<br/>        if message == &quot;&quot; and &#x27;message&#x27; in value:<br/>            message = value[&#x27;message&#x27;]<br/>    <br/>        screen = None<br/>        if &#x27;screen&#x27; in value:<br/>            screen = value[&#x27;screen&#x27;]<br/>    <br/>        stacktrace = None<br/>        if &#x27;stackTrace&#x27; in value and value[&#x27;stackTrace&#x27;]:<br/>            stacktrace = []<br/>            try:<br/>                for frame in value[&#x27;stackTrace&#x27;]:<br/>                    line = self._value_or_default(frame, &#x27;lineNumber&#x27;, &#x27;&#x27;)<br/>                    file = self._value_or_default(frame, &#x27;fileName&#x27;, &#x27;&lt;anonymous&gt;&#x27;)<br/>                    if line:<br/>                        file = &quot;%s:%s&quot; % (file, line)<br/>                    meth = self._value_or_default(frame, &#x27;methodName&#x27;, &#x27;&lt;anonymous&gt;&#x27;)<br/>                    if &#x27;className&#x27; in frame:<br/>                        meth = &quot;%s.%s&quot; % (frame[&#x27;className&#x27;], meth)<br/>                    msg = &quot;    at %s (%s)&quot;<br/>                    msg = msg % (meth, file)<br/>                    stacktrace.append(msg)<br/>            except TypeError:<br/>                pass<br/>        if exception_class == ErrorInResponseException:<br/>            raise exception_class(response, message)<br/>        elif exception_class == UnexpectedAlertPresentException:<br/>            alert_text = None<br/>            if &#x27;data&#x27; in value:<br/>                alert_text = value[&#x27;data&#x27;].get(&#x27;text&#x27;)<br/>            elif &#x27;alert&#x27; in value:<br/>                alert_text = value[&#x27;alert&#x27;].get(&#x27;text&#x27;)<br/>            raise exception_class(message, screen, stacktrace, alert_text)<br/>&gt;       raise exception_class(message, screen, stacktrace)<br/><span class="error">E       selenium.common.exceptions.WebDriverException: Message: An unknown server-side error occurred while processing the command. Original error: Could not proxy command to remote server. Original error: Error: socket hang up</span><br/><br/>C:\Python37\lib\site-packages\selenium\webdriver\remote\errorhandler.py:242: WebDriverException<br/>------------------------------ Captured log call -------------------------------<br/>INFO     root:basepage.py:42 等待 账单按钮  元素  (&#x27;-android uiautomator&#x27;, &#x27;new UiSelector().text(&quot;账单&quot;)&#x27;) 可见成功。耗时：0:00:02.330000
INFO     root:basepage.py:42 等待 账单按钮  元素  (&#x27;-android uiautomator&#x27;, &#x27;new UiSelector().text(&quot;账单&quot;)&#x27;) 可见成功。耗时：0:00:00.252000
INFO     root:basepage.py:79 查找  账单按钮 元素 (&#x27;-android uiautomator&#x27;, &#x27;new UiSelector().text(&quot;账单&quot;)&#x27;) 成功
INFO     root:basepage.py:121 点击  账单按钮 元素 (&#x27;-android uiautomator&#x27;, &#x27;new UiSelector().text(&quot;账单&quot;)&#x27;) 成功！
INFO     root:basepage.py:42 等待 筛选按钮  元素  (&#x27;id&#x27;, &#x27;com.cashier.jiutongshanghu:id/tv_title_zhangdan&#x27;) 可见成功。耗时：0:00:00.942000
INFO     root:basepage.py:42 等待 筛选按钮  元素  (&#x27;id&#x27;, &#x27;com.cashier.jiutongshanghu:id/tv_title_zhangdan&#x27;) 可见成功。耗时：0:00:00.133000
INFO     root:basepage.py:79 查找  筛选按钮 元素 (&#x27;id&#x27;, &#x27;com.cashier.jiutongshanghu:id/tv_title_zhangdan&#x27;) 成功
INFO     root:basepage.py:121 点击  筛选按钮 元素 (&#x27;id&#x27;, &#x27;com.cashier.jiutongshanghu:id/tv_title_zhangdan&#x27;) 成功！
INFO     root:basepage.py:42 等待 开始时间  元素  (&#x27;id&#x27;, &#x27;com.cashier.jiutongshanghu:id/nct_start_time&#x27;) 可见成功。耗时：0:00:00.146000
ERROR    root:basepage.py:36 等待元素 (&#x27;id&#x27;, &#x27;com.cashier.jiutongshanghu:id/nct_start_time&#x27;) 可见 失败！
Traceback (most recent call last):
  File &quot;C:\Users\Administrator\PycharmProjects\app_automation_sh\common\basepage.py&quot;, line 33, in wait_ele_visible
    WebDriverWait(self.driver, timeout, frequency).until(ec.visibility_of_element_located(loc))
  File &quot;C:\Python37\lib\site-packages\selenium\webdriver\support\wait.py&quot;, line 71, in until
    value = method(self._driver)
  File &quot;C:\Python37\lib\site-packages\selenium\webdriver\support\expected_conditions.py&quot;, line 128, in __call__
    return _element_if_visible(_find_element(driver, self.locator))
  File &quot;C:\Python37\lib\site-packages\selenium\webdriver\support\expected_conditions.py&quot;, line 148, in _element_if_visible
    return element if element.is_displayed() == visibility else False
  File &quot;C:\Python37\lib\site-packages\appium\webdriver\webelement.py&quot;, line 75, in is_displayed
    return self._execute(RemoteCommand.IS_ELEMENT_DISPLAYED)[&#x27;value&#x27;]
  File &quot;C:\Python37\lib\site-packages\selenium\webdriver\remote\webelement.py&quot;, line 633, in _execute
    return self._parent.execute(command, params)
  File &quot;C:\Python37\lib\site-packages\selenium\webdriver\remote\webdriver.py&quot;, line 321, in execute
    self.error_handler.check_response(response)
  File &quot;C:\Python37\lib\site-packages\appium\webdriver\errorhandler.py&quot;, line 29, in check_response
    raise wde
  File &quot;C:\Python37\lib\site-packages\appium\webdriver\errorhandler.py&quot;, line 24, in check_response
    super(MobileErrorHandler, self).check_response(response)
  File &quot;C:\Python37\lib\site-packages\selenium\webdriver\remote\errorhandler.py&quot;, line 242, in check_response
    raise exception_class(message, screen, stacktrace)
selenium.common.exceptions.WebDriverException: Message: An unknown server-side error occurred while processing the command. Original error: Could not proxy command to remote server. Original error: Error: socket hang up

ERROR    root:basepage.py:200 网页截图失败！
Traceback (most recent call last):
  File &quot;C:\Users\Administrator\PycharmProjects\app_automation_sh\common\basepage.py&quot;, line 33, in wait_ele_visible
    WebDriverWait(self.driver, timeout, frequency).until(ec.visibility_of_element_located(loc))
  File &quot;C:\Python37\lib\site-packages\selenium\webdriver\support\wait.py&quot;, line 71, in until
    value = method(self._driver)
  File &quot;C:\Python37\lib\site-packages\selenium\webdriver\support\expected_conditions.py&quot;, line 128, in __call__
    return _element_if_visible(_find_element(driver, self.locator))
  File &quot;C:\Python37\lib\site-packages\selenium\webdriver\support\expected_conditions.py&quot;, line 148, in _element_if_visible
    return element if element.is_displayed() == visibility else False
  File &quot;C:\Python37\lib\site-packages\appium\webdriver\webelement.py&quot;, line 75, in is_displayed
    return self._execute(RemoteCommand.IS_ELEMENT_DISPLAYED)[&#x27;value&#x27;]
  File &quot;C:\Python37\lib\site-packages\selenium\webdriver\remote\webelement.py&quot;, line 633, in _execute
    return self._parent.execute(command, params)
  File &quot;C:\Python37\lib\site-packages\selenium\webdriver\remote\webdriver.py&quot;, line 321, in execute
    self.error_handler.check_response(response)
  File &quot;C:\Python37\lib\site-packages\appium\webdriver\errorhandler.py&quot;, line 29, in check_response
    raise wde
  File &quot;C:\Python37\lib\site-packages\appium\webdriver\errorhandler.py&quot;, line 24, in check_response
    super(MobileErrorHandler, self).check_response(response)
  File &quot;C:\Python37\lib\site-packages\selenium\webdriver\remote\errorhandler.py&quot;, line 242, in check_response
    raise exception_class(message, screen, stacktrace)
selenium.common.exceptions.WebDriverException: Message: An unknown server-side error occurred while processing the command. Original error: Could not proxy command to remote server. Original error: Error: socket hang up


During handling of the above exception, another exception occurred:

Traceback (most recent call last):
  File &quot;C:\Users\Administrator\PycharmProjects\app_automation_sh\common\basepage.py&quot;, line 198, in save_img
    self.driver.save_screenshot(img_path)
  File &quot;C:\Python37\lib\site-packages\selenium\webdriver\remote\webdriver.py&quot;, line 1055, in save_screenshot
    return self.get_screenshot_as_file(filename)
  File &quot;C:\Python37\lib\site-packages\selenium\webdriver\remote\webdriver.py&quot;, line 1032, in get_screenshot_as_file
    png = self.get_screenshot_as_png()
  File &quot;C:\Python37\lib\site-packages\selenium\webdriver\remote\webdriver.py&quot;, line 1064, in get_screenshot_as_png
    return base64.b64decode(self.get_screenshot_as_base64().encode(&#x27;ascii&#x27;))
  File &quot;C:\Python37\lib\site-packages\selenium\webdriver\remote\webdriver.py&quot;, line 1074, in get_screenshot_as_base64
    return self.execute(Command.SCREENSHOT)[&#x27;value&#x27;]
  File &quot;C:\Python37\lib\site-packages\selenium\webdriver\remote\webdriver.py&quot;, line 321, in execute
    self.error_handler.check_response(response)
  File &quot;C:\Python37\lib\site-packages\appium\webdriver\errorhandler.py&quot;, line 29, in check_response
    raise wde
  File &quot;C:\Python37\lib\site-packages\appium\webdriver\errorhandler.py&quot;, line 24, in check_response
    super(MobileErrorHandler, self).check_response(response)
  File &quot;C:\Python37\lib\site-packages\selenium\webdriver\remote\errorhandler.py&quot;, line 242, in check_response
    raise exception_class(message, screen, stacktrace)
selenium.common.exceptions.WebDriverException: Message: An unknown server-side error occurred while processing the command. Original error: Could not proxy command to remote server. Original error: Error: socket hang up<br/></div></td></tr></tbody></table></body></html>